Arguments: 
  C:\Program Files\nodejs\node.exe C:\Program Files (x86)\Yarn\bin\yarn.js add bcrytpjs

PATH: 
  C:\Users\hehgd\bin;C:\Program Files\Git\mingw64\bin;C:\Program Files\Git\usr\local\bin;C:\Program Files\Git\usr\bin;C:\Program Files\Git\usr\bin;C:\Program Files\Git\mingw64\bin;C:\Program Files\Git\usr\bin;C:\Users\hehgd\bin;C:\Program Files (x86)\Common Files\Oracle\Java\javapath;C:\Windows\system32;C:\Windows;C:\Windows\System32\Wbem;C:\Windows\System32\WindowsPowerShell\v1.0;C:\Windows\System32\OpenSSH;C:\Program Files\NVIDIA Corporation\NVIDIA NvDLISR;C:\Program Files\Git\cmd;C:\Program Files (x86)\NVIDIA Corporation\PhysX\Common;C:\WINDOWS\system32;C:\WINDOWS;C:\WINDOWS\System32\Wbem;C:\WINDOWS\System32\WindowsPowerShell\v1.0;C:\WINDOWS\System32\OpenSSH;C:\Program Files\Microsoft SQL Server\130\Tools\Binn;C:\Program Files\Microsoft SQL Server\Client SDK\ODBC\170\Tools\Binn;C:\Program Files (x86)\Intel\Intel(R) Management Engine Components\DAL;C:\Program Files\Intel\Intel(R) Management Engine Components\DAL;C:\Program Files\nodejs;C:\WINDOWS\system32;C:\WINDOWS;C:\WINDOWS\System32\Wbem;C:\WINDOWS\System32\WindowsPowerShell\v1.0;C:\WINDOWS\System32\OpenSSH;C:\Users\hehgd\AppData\Local\Programs\Python\Python310\Scripts;C:\Users\hehgd\AppData\Local\Programs\Python\Python310;C:\Users\hehgd\AppData\Local\Programs\Python\Python39\Scripts;C:\Users\hehgd\AppData\Local\Programs\Python\Python39;C:\Users\hehgd\AppData\Local\Microsoft\WindowsApps;C:\Users\hehgd\.dotnet\tools;C:\dart-sdk\bin;C:\flutter\bin;D:\Microsoft VS Code\bin;C:\Users\hehgd\AppData\Roaming\npm;D:\Downloads\maven\apache-maven-3.8.6\bin;C:\Program Files\Java\jdk-16.0.1\bin;C:\Program Files\dotnet;C:\Program Files (x86)\Yarn\bin;C:\Users\hehgd\AppData\Local\Programs\Python\Python310\Scripts;C:\Users\hehgd\AppData\Local\Programs\Python\Python310;C:\Users\hehgd\AppData\Local\Programs\Python\Python39\Scripts;C:\Users\hehgd\AppData\Local\Programs\Python\Python39;C:\Users\hehgd\AppData\Local\Microsoft\WindowsApps;C:\Users\hehgd\.dotnet\tools;C:\dart-sdk\bin;C:\flutter\bin;D:\Microsoft VS Code\bin;C:\Users\hehgd\AppData\Roaming\npm;D:\Downloads\maven\apache-maven-3.8.6\bin;C:\Users\hehgd\AppData\Local\Yarn\bin;C:\Program Files\Git\usr\bin\vendor_perl;C:\Program Files\Git\usr\bin\core_perl

Yarn version: 
  1.22.19

Node version: 
  16.15.0

Platform: 
  win32 x64

Trace: 
  Error: https://registry.yarnpkg.com/bcrytpjs: Not found
      at Request.params.callback [as _callback] (C:\Program Files (x86)\Yarn\lib\cli.js:66145:18)
      at Request.self.callback (C:\Program Files (x86)\Yarn\lib\cli.js:140890:22)
      at Request.emit (node:events:527:28)
      at Request.<anonymous> (C:\Program Files (x86)\Yarn\lib\cli.js:141862:10)
      at Request.emit (node:events:527:28)
      at IncomingMessage.<anonymous> (C:\Program Files (x86)\Yarn\lib\cli.js:141784:12)
      at Object.onceWrapper (node:events:641:28)
      at IncomingMessage.emit (node:events:539:35)
      at endReadableNT (node:internal/streams/readable:1345:12)
      at processTicksAndRejections (node:internal/process/task_queues:83:21)

npm manifest: 
  {
    "name": "devcamper-api",
    "version": "1.0.0",
    "description": "devcamper backend api",
    "main": "server.js",
    "type": "module",
    "scripts": {
      "start": "NODE_ENV=production node server",
      "dev": "nodemon server"
    },
    "author": "daoud",
    "license": "ISC",
    "dependencies": {
      "dotenv": "^16.0.3",
      "express": "^4.18.2",
      "express-fileupload": "^1.4.0",
      "jsonwebtoken": "^8.5.1",
      "mapquest": "^0.2.0",
      "mongoose": "^6.7.5",
      "morgan": "^1.10.0",
      "node-geocoder": "^4.2.0",
      "slugify": "^1.6.5"
    }
  }

yarn manifest: 
  No manifest

Lockfile: 
  # THIS IS AN AUTOGENERATED FILE. DO NOT EDIT THIS FILE DIRECTLY.
  # yarn lockfile v1
  
  
  "@aws-crypto/ie11-detection@^2.0.0":
    version "2.0.2"
    resolved "https://registry.npmjs.org/@aws-crypto/ie11-detection/-/ie11-detection-2.0.2.tgz"
    integrity sha512-5XDMQY98gMAf/WRTic5G++jfmS/VLM0rwpiOpaainKi4L0nqWMSB1SzsrEG5rjFZGYN6ZAefO+/Yta2dFM0kMw==
    dependencies:
      tslib "^1.11.1"
  
  "@aws-crypto/sha256-browser@2.0.0":
    version "2.0.0"
    resolved "https://registry.npmjs.org/@aws-crypto/sha256-browser/-/sha256-browser-2.0.0.tgz"
    integrity sha512-rYXOQ8BFOaqMEHJrLHul/25ckWH6GTJtdLSajhlqGMx0PmSueAuvboCuZCTqEKlxR8CQOwRarxYMZZSYlhRA1A==
    dependencies:
      "@aws-crypto/ie11-detection" "^2.0.0"
      "@aws-crypto/sha256-js" "^2.0.0"
      "@aws-crypto/supports-web-crypto" "^2.0.0"
      "@aws-crypto/util" "^2.0.0"
      "@aws-sdk/types" "^3.1.0"
      "@aws-sdk/util-locate-window" "^3.0.0"
      "@aws-sdk/util-utf8-browser" "^3.0.0"
      tslib "^1.11.1"
  
  "@aws-crypto/sha256-js@2.0.0", "@aws-crypto/sha256-js@^2.0.0":
    version "2.0.0"
    resolved "https://registry.npmjs.org/@aws-crypto/sha256-js/-/sha256-js-2.0.0.tgz"
    integrity sha512-VZY+mCY4Nmrs5WGfitmNqXzaE873fcIZDu54cbaDaaamsaTOP1DBImV9F4pICc3EHjQXujyE8jig+PFCaew9ig==
    dependencies:
      "@aws-crypto/util" "^2.0.0"
      "@aws-sdk/types" "^3.1.0"
      tslib "^1.11.1"
  
  "@aws-crypto/supports-web-crypto@^2.0.0":
    version "2.0.2"
    resolved "https://registry.npmjs.org/@aws-crypto/supports-web-crypto/-/supports-web-crypto-2.0.2.tgz"
    integrity sha512-6mbSsLHwZ99CTOOswvCRP3C+VCWnzBf+1SnbWxzzJ9lR0mA0JnY2JEAhp8rqmTE0GPFy88rrM27ffgp62oErMQ==
    dependencies:
      tslib "^1.11.1"
  
  "@aws-crypto/util@^2.0.0":
    version "2.0.2"
    resolved "https://registry.npmjs.org/@aws-crypto/util/-/util-2.0.2.tgz"
    integrity sha512-Lgu5v/0e/BcrZ5m/IWqzPUf3UYFTy/PpeED+uc9SWUR1iZQL8XXbGQg10UfllwwBryO3hFF5dizK+78aoXC1eA==
    dependencies:
      "@aws-sdk/types" "^3.110.0"
      "@aws-sdk/util-utf8-browser" "^3.0.0"
      tslib "^1.11.1"
  
  "@aws-sdk/abort-controller@3.222.0":
    version "3.222.0"
    resolved "https://registry.npmjs.org/@aws-sdk/abort-controller/-/abort-controller-3.222.0.tgz"
    integrity sha512-Ric2vJQEWrzz915wBeZlYLWAnIsnywOcZpzroPVTY/TNKRvM0GcSPVuD9vv1lOwybVnDHsipukzwQBAZXkNWVA==
    dependencies:
      "@aws-sdk/types" "3.222.0"
      tslib "^2.3.1"
  
  "@aws-sdk/client-cognito-identity@3.223.0":
    version "3.223.0"
    resolved "https://registry.npmjs.org/@aws-sdk/client-cognito-identity/-/client-cognito-identity-3.223.0.tgz"
    integrity sha512-mk7NLfWD3TGzlhE+PMOdxskfQQaMgq5jwxU6ngmOK+55uhsbCwXoCw69vBdbViOv5GmSDxdA8A/afgzQOg9T/g==
    dependencies:
      "@aws-crypto/sha256-browser" "2.0.0"
      "@aws-crypto/sha256-js" "2.0.0"
      "@aws-sdk/client-sts" "3.223.0"
      "@aws-sdk/config-resolver" "3.222.0"
      "@aws-sdk/credential-provider-node" "3.223.0"
      "@aws-sdk/fetch-http-handler" "3.222.0"
      "@aws-sdk/hash-node" "3.222.0"
      "@aws-sdk/invalid-dependency" "3.222.0"
      "@aws-sdk/middleware-content-length" "3.222.0"
      "@aws-sdk/middleware-endpoint" "3.222.0"
      "@aws-sdk/middleware-host-header" "3.222.0"
      "@aws-sdk/middleware-logger" "3.222.0"
      "@aws-sdk/middleware-recursion-detection" "3.222.0"
      "@aws-sdk/middleware-retry" "3.222.0"
      "@aws-sdk/middleware-serde" "3.222.0"
      "@aws-sdk/middleware-signing" "3.222.0"
      "@aws-sdk/middleware-stack" "3.222.0"
      "@aws-sdk/middleware-user-agent" "3.222.0"
      "@aws-sdk/node-config-provider" "3.222.0"
      "@aws-sdk/node-http-handler" "3.222.0"
      "@aws-sdk/protocol-http" "3.222.0"
      "@aws-sdk/smithy-client" "3.222.0"
      "@aws-sdk/types" "3.222.0"
      "@aws-sdk/url-parser" "3.222.0"
      "@aws-sdk/util-base64" "3.208.0"
      "@aws-sdk/util-body-length-browser" "3.188.0"
      "@aws-sdk/util-body-length-node" "3.208.0"
      "@aws-sdk/util-defaults-mode-browser" "3.222.0"
      "@aws-sdk/util-defaults-mode-node" "3.222.0"
      "@aws-sdk/util-endpoints" "3.222.0"
      "@aws-sdk/util-user-agent-browser" "3.222.0"
      "@aws-sdk/util-user-agent-node" "3.222.0"
      "@aws-sdk/util-utf8-browser" "3.188.0"
      "@aws-sdk/util-utf8-node" "3.208.0"
      tslib "^2.3.1"
  
  "@aws-sdk/client-sso-oidc@3.223.0":
    version "3.223.0"
    resolved "https://registry.npmjs.org/@aws-sdk/client-sso-oidc/-/client-sso-oidc-3.223.0.tgz"
    integrity sha512-MeXm6expqpBwwN5GWm8QedAxWGv1jpdxae5oSqsrfRSHFVcHVxWWQzx9/GMBpKqGLtXVmisex2vckBQa1MhybQ==
    dependencies:
      "@aws-crypto/sha256-browser" "2.0.0"
      "@aws-crypto/sha256-js" "2.0.0"
      "@aws-sdk/config-resolver" "3.222.0"
      "@aws-sdk/fetch-http-handler" "3.222.0"
      "@aws-sdk/hash-node" "3.222.0"
      "@aws-sdk/invalid-dependency" "3.222.0"
      "@aws-sdk/middleware-content-length" "3.222.0"
      "@aws-sdk/middleware-endpoint" "3.222.0"
      "@aws-sdk/middleware-host-header" "3.222.0"
      "@aws-sdk/middleware-logger" "3.222.0"
      "@aws-sdk/middleware-recursion-detection" "3.222.0"
      "@aws-sdk/middleware-retry" "3.222.0"
      "@aws-sdk/middleware-serde" "3.222.0"
      "@aws-sdk/middleware-stack" "3.222.0"
      "@aws-sdk/middleware-user-agent" "3.222.0"
      "@aws-sdk/node-config-provider" "3.222.0"
      "@aws-sdk/node-http-handler" "3.222.0"
      "@aws-sdk/protocol-http" "3.222.0"
      "@aws-sdk/smithy-client" "3.222.0"
      "@aws-sdk/types" "3.222.0"
      "@aws-sdk/url-parser" "3.222.0"
      "@aws-sdk/util-base64" "3.208.0"
      "@aws-sdk/util-body-length-browser" "3.188.0"
      "@aws-sdk/util-body-length-node" "3.208.0"
      "@aws-sdk/util-defaults-mode-browser" "3.222.0"
      "@aws-sdk/util-defaults-mode-node" "3.222.0"
      "@aws-sdk/util-endpoints" "3.222.0"
      "@aws-sdk/util-user-agent-browser" "3.222.0"
      "@aws-sdk/util-user-agent-node" "3.222.0"
      "@aws-sdk/util-utf8-browser" "3.188.0"
      "@aws-sdk/util-utf8-node" "3.208.0"
      tslib "^2.3.1"
  
  "@aws-sdk/client-sso@3.223.0":
    version "3.223.0"
    resolved "https://registry.npmjs.org/@aws-sdk/client-sso/-/client-sso-3.223.0.tgz"
    integrity sha512-1gVmZ7XypZEWUeKnvjS/cZSL/cM1riOGrhp+dr+np58ZT5zSrpWAAeKE5+ftzC/vn770vnD5piLGdAZwg/Jf1g==
    dependencies:
      "@aws-crypto/sha256-browser" "2.0.0"
      "@aws-crypto/sha256-js" "2.0.0"
      "@aws-sdk/config-resolver" "3.222.0"
      "@aws-sdk/fetch-http-handler" "3.222.0"
      "@aws-sdk/hash-node" "3.222.0"
      "@aws-sdk/invalid-dependency" "3.222.0"
      "@aws-sdk/middleware-content-length" "3.222.0"
      "@aws-sdk/middleware-endpoint" "3.222.0"
      "@aws-sdk/middleware-host-header" "3.222.0"
      "@aws-sdk/middleware-logger" "3.222.0"
      "@aws-sdk/middleware-recursion-detection" "3.222.0"
      "@aws-sdk/middleware-retry" "3.222.0"
      "@aws-sdk/middleware-serde" "3.222.0"
      "@aws-sdk/middleware-stack" "3.222.0"
      "@aws-sdk/middleware-user-agent" "3.222.0"
      "@aws-sdk/node-config-provider" "3.222.0"
      "@aws-sdk/node-http-handler" "3.222.0"
      "@aws-sdk/protocol-http" "3.222.0"
      "@aws-sdk/smithy-client" "3.222.0"
      "@aws-sdk/types" "3.222.0"
      "@aws-sdk/url-parser" "3.222.0"
      "@aws-sdk/util-base64" "3.208.0"
      "@aws-sdk/util-body-length-browser" "3.188.0"
      "@aws-sdk/util-body-length-node" "3.208.0"
      "@aws-sdk/util-defaults-mode-browser" "3.222.0"
      "@aws-sdk/util-defaults-mode-node" "3.222.0"
      "@aws-sdk/util-endpoints" "3.222.0"
      "@aws-sdk/util-user-agent-browser" "3.222.0"
      "@aws-sdk/util-user-agent-node" "3.222.0"
      "@aws-sdk/util-utf8-browser" "3.188.0"
      "@aws-sdk/util-utf8-node" "3.208.0"
      tslib "^2.3.1"
  
  "@aws-sdk/client-sts@3.223.0":
    version "3.223.0"
    resolved "https://registry.npmjs.org/@aws-sdk/client-sts/-/client-sts-3.223.0.tgz"
    integrity sha512-RYGx6SOT38MfX4Dm8lyEwZ/bEqhl3TZyGFqtFHGTEEgyqPkuqiZPfSSWNmsaf6HAVYKObp7kJUX6w8EeEw332w==
    dependencies:
      "@aws-crypto/sha256-browser" "2.0.0"
      "@aws-crypto/sha256-js" "2.0.0"
      "@aws-sdk/config-resolver" "3.222.0"
      "@aws-sdk/credential-provider-node" "3.223.0"
      "@aws-sdk/fetch-http-handler" "3.222.0"
      "@aws-sdk/hash-node" "3.222.0"
      "@aws-sdk/invalid-dependency" "3.222.0"
      "@aws-sdk/middleware-content-length" "3.222.0"
      "@aws-sdk/middleware-endpoint" "3.222.0"
      "@aws-sdk/middleware-host-header" "3.222.0"
      "@aws-sdk/middleware-logger" "3.222.0"
      "@aws-sdk/middleware-recursion-detection" "3.222.0"
      "@aws-sdk/middleware-retry" "3.222.0"
      "@aws-sdk/middleware-sdk-sts" "3.222.0"
      "@aws-sdk/middleware-serde" "3.222.0"
      "@aws-sdk/middleware-signing" "3.222.0"
      "@aws-sdk/middleware-stack" "3.222.0"
      "@aws-sdk/middleware-user-agent" "3.222.0"
      "@aws-sdk/node-config-provider" "3.222.0"
      "@aws-sdk/node-http-handler" "3.222.0"
      "@aws-sdk/protocol-http" "3.222.0"
      "@aws-sdk/smithy-client" "3.222.0"
      "@aws-sdk/types" "3.222.0"
      "@aws-sdk/url-parser" "3.222.0"
      "@aws-sdk/util-base64" "3.208.0"
      "@aws-sdk/util-body-length-browser" "3.188.0"
      "@aws-sdk/util-body-length-node" "3.208.0"
      "@aws-sdk/util-defaults-mode-browser" "3.222.0"
      "@aws-sdk/util-defaults-mode-node" "3.222.0"
      "@aws-sdk/util-endpoints" "3.222.0"
      "@aws-sdk/util-user-agent-browser" "3.222.0"
      "@aws-sdk/util-user-agent-node" "3.222.0"
      "@aws-sdk/util-utf8-browser" "3.188.0"
      "@aws-sdk/util-utf8-node" "3.208.0"
      fast-xml-parser "4.0.11"
      tslib "^2.3.1"
  
  "@aws-sdk/config-resolver@3.222.0":
    version "3.222.0"
    resolved "https://registry.npmjs.org/@aws-sdk/config-resolver/-/config-resolver-3.222.0.tgz"
    integrity sha512-rG/Yh0R+GQe86ofEb24QAjQ19tHb4HMCyCuMZUZCsIdgNmUfcaH21Ug5s7pJrAfEy/F2gwxs+VfBeXKjT0MqSQ==
    dependencies:
      "@aws-sdk/signature-v4" "3.222.0"
      "@aws-sdk/types" "3.222.0"
      "@aws-sdk/util-config-provider" "3.208.0"
      "@aws-sdk/util-middleware" "3.222.0"
      tslib "^2.3.1"
  
  "@aws-sdk/credential-provider-cognito-identity@3.223.0":
    version "3.223.0"
    resolved "https://registry.npmjs.org/@aws-sdk/credential-provider-cognito-identity/-/credential-provider-cognito-identity-3.223.0.tgz"
    integrity sha512-x4c1a7Gq0LT+fYSoQ8qt+4Hs1p52zjctZzNHshxb1ZeK4NQBTIMs3s2LRXWX14+5/jk94R8tCuA/as39eCdgtw==
    dependencies:
      "@aws-sdk/client-cognito-identity" "3.223.0"
      "@aws-sdk/property-provider" "3.222.0"
      "@aws-sdk/types" "3.222.0"
      tslib "^2.3.1"
  
  "@aws-sdk/credential-provider-env@3.222.0":
    version "3.222.0"
    resolved "https://registry.npmjs.org/@aws-sdk/credential-provider-env/-/credential-provider-env-3.222.0.tgz"
    integrity sha512-xV6cmJ9zMi8nWySqBv1ze/EFlzXEfazu3i/T/5MpOufPvuGpXTQ3/PDEbC6mKBtvomoQ0fonc/cZrix7YcJV0Q==
    dependencies:
      "@aws-sdk/property-provider" "3.222.0"
      "@aws-sdk/types" "3.222.0"
      tslib "^2.3.1"
  
  "@aws-sdk/credential-provider-imds@3.222.0":
    version "3.222.0"
    resolved "https://registry.npmjs.org/@aws-sdk/credential-provider-imds/-/credential-provider-imds-3.222.0.tgz"
    integrity sha512-n090ouw5AFhb0EfzRElUTmqCNOQ1zjlxau30oVM7+qKtXH85hEGMQOoRQAl9ch/pXcbjKLh1mbUhmonR97/Kvw==
    dependencies:
      "@aws-sdk/node-config-provider" "3.222.0"
      "@aws-sdk/property-provider" "3.222.0"
      "@aws-sdk/types" "3.222.0"
      "@aws-sdk/url-parser" "3.222.0"
      tslib "^2.3.1"
  
  "@aws-sdk/credential-provider-ini@3.223.0":
    version "3.223.0"
    resolved "https://registry.npmjs.org/@aws-sdk/credential-provider-ini/-/credential-provider-ini-3.223.0.tgz"
    integrity sha512-+jB0XIqAw7Cni1uqPV6SMQl7FlpUVELdHVnR+DYL3WOV4MJ4amTu9MAXrpvbEXbK3+7eFQ2/tDe+7i8qGXZFTw==
    dependencies:
      "@aws-sdk/credential-provider-env" "3.222.0"
      "@aws-sdk/credential-provider-imds" "3.222.0"
      "@aws-sdk/credential-provider-sso" "3.223.0"
      "@aws-sdk/credential-provider-web-identity" "3.222.0"
      "@aws-sdk/property-provider" "3.222.0"
      "@aws-sdk/shared-ini-file-loader" "3.222.0"
      "@aws-sdk/types" "3.222.0"
      tslib "^2.3.1"
  
  "@aws-sdk/credential-provider-node@3.223.0":
    version "3.223.0"
    resolved "https://registry.npmjs.org/@aws-sdk/credential-provider-node/-/credential-provider-node-3.223.0.tgz"
    integrity sha512-mvY96yX4xQ9/Aujr0HqMXhdToiEKg7fFUoN+NgV3yB/hj2q1Ry3j8WbiIfAcBvFLjNwHT7ae/8nVRHYYlNeXFw==
    dependencies:
      "@aws-sdk/credential-provider-env" "3.222.0"
      "@aws-sdk/credential-provider-imds" "3.222.0"
      "@aws-sdk/credential-provider-ini" "3.223.0"
      "@aws-sdk/credential-provider-process" "3.222.0"
      "@aws-sdk/credential-provider-sso" "3.223.0"
      "@aws-sdk/credential-provider-web-identity" "3.222.0"
      "@aws-sdk/property-provider" "3.222.0"
      "@aws-sdk/shared-ini-file-loader" "3.222.0"
      "@aws-sdk/types" "3.222.0"
      tslib "^2.3.1"
  
  "@aws-sdk/credential-provider-process@3.222.0":
    version "3.222.0"
    resolved "https://registry.npmjs.org/@aws-sdk/credential-provider-process/-/credential-provider-process-3.222.0.tgz"
    integrity sha512-IgEk8Tne1b2v2k/wVjuddKi+HEAFJWUoEcvLCnYRdlVX5l+Nnatw8vGYb+gTi9X7nKNqEGfMbifKCFoePKjC0Q==
    dependencies:
      "@aws-sdk/property-provider" "3.222.0"
      "@aws-sdk/shared-ini-file-loader" "3.222.0"
      "@aws-sdk/types" "3.222.0"
      tslib "^2.3.1"
  
  "@aws-sdk/credential-provider-sso@3.223.0":
    version "3.223.0"
    resolved "https://registry.npmjs.org/@aws-sdk/credential-provider-sso/-/credential-provider-sso-3.223.0.tgz"
    integrity sha512-sRxH6fhLYME+EIiHRqIzkUgPaAvc5+dV8+09jEZ1yBjum9AQycipXrbbDRNLXWJZJZTA/BsHfUpAScFOjyZf7A==
    dependencies:
      "@aws-sdk/client-sso" "3.223.0"
      "@aws-sdk/property-provider" "3.222.0"
      "@aws-sdk/shared-ini-file-loader" "3.222.0"
      "@aws-sdk/token-providers" "3.223.0"
      "@aws-sdk/types" "3.222.0"
      tslib "^2.3.1"
  
  "@aws-sdk/credential-provider-web-identity@3.222.0":
    version "3.222.0"
    resolved "https://registry.npmjs.org/@aws-sdk/credential-provider-web-identity/-/credential-provider-web-identity-3.222.0.tgz"
    integrity sha512-dImqTEWt38nVcDe/wQqHWJ+R2zyNqVKwejfslgbH2YilUnDU43xq2KJhNe4s+YhCB6tHOTkbNnpZo7vPV5Zxog==
    dependencies:
      "@aws-sdk/property-provider" "3.222.0"
      "@aws-sdk/types" "3.222.0"
      tslib "^2.3.1"
  
  "@aws-sdk/credential-providers@^3.186.0":
    version "3.223.0"
    resolved "https://registry.npmjs.org/@aws-sdk/credential-providers/-/credential-providers-3.223.0.tgz"
    integrity sha512-oX9WTF7A579T8TT+3roU5CXkGHLSdb6MVy5COh/DH+aBTpgwBvhGzsgiefYoB04gyPx1f2Q9ju7qtCcKnm0eRw==
    dependencies:
      "@aws-sdk/client-cognito-identity" "3.223.0"
      "@aws-sdk/client-sso" "3.223.0"
      "@aws-sdk/client-sts" "3.223.0"
      "@aws-sdk/credential-provider-cognito-identity" "3.223.0"
      "@aws-sdk/credential-provider-env" "3.222.0"
      "@aws-sdk/credential-provider-imds" "3.222.0"
      "@aws-sdk/credential-provider-ini" "3.223.0"
      "@aws-sdk/credential-provider-node" "3.223.0"
      "@aws-sdk/credential-provider-process" "3.222.0"
      "@aws-sdk/credential-provider-sso" "3.223.0"
      "@aws-sdk/credential-provider-web-identity" "3.222.0"
      "@aws-sdk/property-provider" "3.222.0"
      "@aws-sdk/shared-ini-file-loader" "3.222.0"
      "@aws-sdk/types" "3.222.0"
      tslib "^2.3.1"
  
  "@aws-sdk/fetch-http-handler@3.222.0":
    version "3.222.0"
    resolved "https://registry.npmjs.org/@aws-sdk/fetch-http-handler/-/fetch-http-handler-3.222.0.tgz"
    integrity sha512-0PWnOp47mNfwBFEZhuBpz5A+66jbvb2ySidnM5vWHRxu5yN7rCJEdEMSJKDzR6nH3GLZ9dHoOxTzQy21NoDTtA==
    dependencies:
      "@aws-sdk/protocol-http" "3.222.0"
      "@aws-sdk/querystring-builder" "3.222.0"
      "@aws-sdk/types" "3.222.0"
      "@aws-sdk/util-base64" "3.208.0"
      tslib "^2.3.1"
  
  "@aws-sdk/hash-node@3.222.0":
    version "3.222.0"
    resolved "https://registry.npmjs.org/@aws-sdk/hash-node/-/hash-node-3.222.0.tgz"
    integrity sha512-Fw0acblG0LQT9tfD2/4j98QHNq+Crotig/M1/zPDcVoGb8OBHd2442zpeA0fYYjGnGGhy9psRHdJrjZGj1vDUw==
    dependencies:
      "@aws-sdk/types" "3.222.0"
      "@aws-sdk/util-buffer-from" "3.208.0"
      tslib "^2.3.1"
  
  "@aws-sdk/invalid-dependency@3.222.0":
    version "3.222.0"
    resolved "https://registry.npmjs.org/@aws-sdk/invalid-dependency/-/invalid-dependency-3.222.0.tgz"
    integrity sha512-tWJWWTcL7DrhFiDmPBvLaw2lopHJMsF4Uj52yIQJskwd2IeBOxjl30zLo/oidmk73IFUB7TCObc85zJrtt/KcQ==
    dependencies:
      "@aws-sdk/types" "3.222.0"
      tslib "^2.3.1"
  
  "@aws-sdk/is-array-buffer@3.201.0":
    version "3.201.0"
    resolved "https://registry.npmjs.org/@aws-sdk/is-array-buffer/-/is-array-buffer-3.201.0.tgz"
    integrity sha512-UPez5qLh3dNgt0DYnPD/q0mVJY84rA17QE26hVNOW3fAji8W2wrwrxdacWOxyXvlxWsVRcKmr+lay1MDqpAMfg==
    dependencies:
      tslib "^2.3.1"
  
  "@aws-sdk/middleware-content-length@3.222.0":
    version "3.222.0"
    resolved "https://registry.npmjs.org/@aws-sdk/middleware-content-length/-/middleware-content-length-3.222.0.tgz"
    integrity sha512-Wlah+nrPhcq5qcwHiK1ymVRAvcKjV2py2RXhJsNZWgYwphdt5RHaZHPDKoodI27alrDJVyBBQWGzIm/Ag1bypQ==
    dependencies:
      "@aws-sdk/protocol-http" "3.222.0"
      "@aws-sdk/types" "3.222.0"
      tslib "^2.3.1"
  
  "@aws-sdk/middleware-endpoint@3.222.0":
    version "3.222.0"
    resolved "https://registry.npmjs.org/@aws-sdk/middleware-endpoint/-/middleware-endpoint-3.222.0.tgz"
    integrity sha512-e1bM+CvuUWmBdydQpV5sF8cxZrXQ++0G5s1M7pLimKdWXQvCQ1ZEwA3LLi2IWomXmS9a3BaH3iKAf87RTWjIXw==
    dependencies:
      "@aws-sdk/middleware-serde" "3.222.0"
      "@aws-sdk/protocol-http" "3.222.0"
      "@aws-sdk/signature-v4" "3.222.0"
      "@aws-sdk/types" "3.222.0"
      "@aws-sdk/url-parser" "3.222.0"
      "@aws-sdk/util-config-provider" "3.208.0"
      "@aws-sdk/util-middleware" "3.222.0"
      tslib "^2.3.1"
  
  "@aws-sdk/middleware-host-header@3.222.0":
    version "3.222.0"
    resolved "https://registry.npmjs.org/@aws-sdk/middleware-host-header/-/middleware-host-header-3.222.0.tgz"
    integrity sha512-R4STwHkWgdxMRqOy6riYfXepsQURR5YhK6psPFZHkBYByIRc9JxJdLA0qZcfLRriQIAGmqEO2WWsqRmr8nkbBw==
    dependencies:
      "@aws-sdk/protocol-http" "3.222.0"
      "@aws-sdk/types" "3.222.0"
      tslib "^2.3.1"
  
  "@aws-sdk/middleware-logger@3.222.0":
    version "3.222.0"
    resolved "https://registry.npmjs.org/@aws-sdk/middleware-logger/-/middleware-logger-3.222.0.tgz"
    integrity sha512-eAxGCcNXl1APMOFbkUaAC6pNBPUbajyGqsDf6GLdlrYHrMVAtJdYd988ov6C52h7k6iDZ+OPHwv8dwUz+PRfpw==
    dependencies:
      "@aws-sdk/types" "3.222.0"
      tslib "^2.3.1"
  
  "@aws-sdk/middleware-recursion-detection@3.222.0":
    version "3.222.0"
    resolved "https://registry.npmjs.org/@aws-sdk/middleware-recursion-detection/-/middleware-recursion-detection-3.222.0.tgz"
    integrity sha512-4JRVs7y5JDXXjc5fkz0FCZJt/0HTP2vh3QyZsWRbCYesw2cWVqQlp/fUXp8w5KGqm5nYkTF4e5SQ7Ca8powJNA==
    dependencies:
      "@aws-sdk/protocol-http" "3.222.0"
      "@aws-sdk/types" "3.222.0"
      tslib "^2.3.1"
  
  "@aws-sdk/middleware-retry@3.222.0":
    version "3.222.0"
    resolved "https://registry.npmjs.org/@aws-sdk/middleware-retry/-/middleware-retry-3.222.0.tgz"
    integrity sha512-8FZpGuJDtntjXZ/mfJ9EdP5mYiUunQHEmk6OERk3h4XW3D/e97denwDAcBBIK8iYYGic5PoWF4KgTFJWs1YOcw==
    dependencies:
      "@aws-sdk/protocol-http" "3.222.0"
      "@aws-sdk/service-error-classification" "3.222.0"
      "@aws-sdk/types" "3.222.0"
      "@aws-sdk/util-middleware" "3.222.0"
      tslib "^2.3.1"
      uuid "^8.3.2"
  
  "@aws-sdk/middleware-sdk-sts@3.222.0":
    version "3.222.0"
    resolved "https://registry.npmjs.org/@aws-sdk/middleware-sdk-sts/-/middleware-sdk-sts-3.222.0.tgz"
    integrity sha512-YbL4lTBFgqyL2Ob+dMyw/UNd5K9IOnZHHxjpwWlYKMrfT+pp2bvrr7XUbRHnxSoDsOg9bf6IyTSRVnVxP4psJg==
    dependencies:
      "@aws-sdk/middleware-signing" "3.222.0"
      "@aws-sdk/property-provider" "3.222.0"
      "@aws-sdk/protocol-http" "3.222.0"
      "@aws-sdk/signature-v4" "3.222.0"
      "@aws-sdk/types" "3.222.0"
      tslib "^2.3.1"
  
  "@aws-sdk/middleware-serde@3.222.0":
    version "3.222.0"
    resolved "https://registry.npmjs.org/@aws-sdk/middleware-serde/-/middleware-serde-3.222.0.tgz"
    integrity sha512-UoeLbgCJB07dX8tRByR0KzZaOwCoIyXj/SfFTuOhBUjkpKwqFCam/hofDlK3FR6kvl+xiURv57W/FtKV/9TDHg==
    dependencies:
      "@aws-sdk/types" "3.222.0"
      tslib "^2.3.1"
  
  "@aws-sdk/middleware-signing@3.222.0":
    version "3.222.0"
    resolved "https://registry.npmjs.org/@aws-sdk/middleware-signing/-/middleware-signing-3.222.0.tgz"
    integrity sha512-MwMw2Lz7SBOniAc0slWXt65ocqL+E956bdW+LOvBin6OgkVWaLRbWI9nOzA6B2d8b65fCGEc+N15i0UdrEf+MQ==
    dependencies:
      "@aws-sdk/property-provider" "3.222.0"
      "@aws-sdk/protocol-http" "3.222.0"
      "@aws-sdk/signature-v4" "3.222.0"
      "@aws-sdk/types" "3.222.0"
      "@aws-sdk/util-middleware" "3.222.0"
      tslib "^2.3.1"
  
  "@aws-sdk/middleware-stack@3.222.0":
    version "3.222.0"
    resolved "https://registry.npmjs.org/@aws-sdk/middleware-stack/-/middleware-stack-3.222.0.tgz"
    integrity sha512-ASKbstAKbOBUZhFhst6/NCr11x94BDBiQn2zDs2Lvjo89n2efMeb4wEr17VCMZVeKI6ojtPFa1ZVLsH8AOn4Yw==
    dependencies:
      tslib "^2.3.1"
  
  "@aws-sdk/middleware-user-agent@3.222.0":
    version "3.222.0"
    resolved "https://registry.npmjs.org/@aws-sdk/middleware-user-agent/-/middleware-user-agent-3.222.0.tgz"
    integrity sha512-fjdxCRIAhOTsI9OcEKwJp4lhsvyCSXoeYV49mO/bdG6pFyFRm3Jezx7TNVNeLTGuMHTTTvRrCTF8sgE5t17Pzw==
    dependencies:
      "@aws-sdk/protocol-http" "3.222.0"
      "@aws-sdk/types" "3.222.0"
      tslib "^2.3.1"
  
  "@aws-sdk/node-config-provider@3.222.0":
    version "3.222.0"
    resolved "https://registry.npmjs.org/@aws-sdk/node-config-provider/-/node-config-provider-3.222.0.tgz"
    integrity sha512-hrbw90LlVa4xJJc4WiyAfaPMY/sJubSeTwuxTChLsFOavr6hSMCwLASrWmOiKRIj5hKdSfEA87n/q+DnKHlA8A==
    dependencies:
      "@aws-sdk/property-provider" "3.222.0"
      "@aws-sdk/shared-ini-file-loader" "3.222.0"
      "@aws-sdk/types" "3.222.0"
      tslib "^2.3.1"
  
  "@aws-sdk/node-http-handler@3.222.0":
    version "3.222.0"
    resolved "https://registry.npmjs.org/@aws-sdk/node-http-handler/-/node-http-handler-3.222.0.tgz"
    integrity sha512-k3WqxUgZzGbiCQt1HyzDGlRzq8muGIOWZs9T3HtCa5LtACvl0qlNmiwCc+C/o7GRLyC9FuWkP3lOW6MiAFQUcA==
    dependencies:
      "@aws-sdk/abort-controller" "3.222.0"
      "@aws-sdk/protocol-http" "3.222.0"
      "@aws-sdk/querystring-builder" "3.222.0"
      "@aws-sdk/types" "3.222.0"
      tslib "^2.3.1"
  
  "@aws-sdk/property-provider@3.222.0":
    version "3.222.0"
    resolved "https://registry.npmjs.org/@aws-sdk/property-provider/-/property-provider-3.222.0.tgz"
    integrity sha512-rEqAgQ7itmB7GB+WWLgyT7/YWJkjEBCfggxycccChWAeqg+gjpstIiGX2BjP2K/wnzwE0D91JsozSXcQIDOtNQ==
    dependencies:
      "@aws-sdk/types" "3.222.0"
      tslib "^2.3.1"
  
  "@aws-sdk/protocol-http@3.222.0":
    version "3.222.0"
    resolved "https://registry.npmjs.org/@aws-sdk/protocol-http/-/protocol-http-3.222.0.tgz"
    integrity sha512-Zj+ytEgrOagCE7yczjdDan7W+1a0OL5DPAx69Z00NxGoBI2h0GRZD28dRYb3Pzs5/Ft4KbCedH/RUnyaYjaZxw==
    dependencies:
      "@aws-sdk/types" "3.222.0"
      tslib "^2.3.1"
  
  "@aws-sdk/querystring-builder@3.222.0":
    version "3.222.0"
    resolved "https://registry.npmjs.org/@aws-sdk/querystring-builder/-/querystring-builder-3.222.0.tgz"
    integrity sha512-qrNUGDyDp9yVQMnBbz1T5YBQkA/u6D5o0PPzSwfZ9azdAcBLjHOEfsBrKhxP+K92L/nilbnmY89KrjMR8+BNtw==
    dependencies:
      "@aws-sdk/types" "3.222.0"
      "@aws-sdk/util-uri-escape" "3.201.0"
      tslib "^2.3.1"
  
  "@aws-sdk/querystring-parser@3.222.0":
    version "3.222.0"
    resolved "https://registry.npmjs.org/@aws-sdk/querystring-parser/-/querystring-parser-3.222.0.tgz"
    integrity sha512-3KfkCA/753PlF5QqhGuQ7u+NOgLyiBFeV8R8ut/pfBmG8fF6l3RKrkbcu+87QpqXntRzG+RLHDqS7ryT3B2ICg==
    dependencies:
      "@aws-sdk/types" "3.222.0"
      tslib "^2.3.1"
  
  "@aws-sdk/service-error-classification@3.222.0":
    version "3.222.0"
    resolved "https://registry.npmjs.org/@aws-sdk/service-error-classification/-/service-error-classification-3.222.0.tgz"
    integrity sha512-Dn/WGtm+v5nney0CaYZjdOtJmdEuI8EQiQ5J3eQ3G0jjT6mr1/tCajsNpq3ZqHXiwLtydwaVvsL3AKXn+oxFVA==
  
  "@aws-sdk/shared-ini-file-loader@3.222.0":
    version "3.222.0"
    resolved "https://registry.npmjs.org/@aws-sdk/shared-ini-file-loader/-/shared-ini-file-loader-3.222.0.tgz"
    integrity sha512-2dowzMXjvIf5gwX5gNCwpv/TzAbbXxrId3zYJgPdEtApsa7NxyFs5MfnHt1zZI6P3YORGheRnNUK9RUYOPKHgA==
    dependencies:
      "@aws-sdk/types" "3.222.0"
      tslib "^2.3.1"
  
  "@aws-sdk/signature-v4@3.222.0":
    version "3.222.0"
    resolved "https://registry.npmjs.org/@aws-sdk/signature-v4/-/signature-v4-3.222.0.tgz"
    integrity sha512-2qQZuKqx56b2uN2rdjdKL6u0Cvk82uTGNtIuetmySY9xPEAljSBdriaxTqNqK9Gs3M4obG22alUK4a85uwqS3g==
    dependencies:
      "@aws-sdk/is-array-buffer" "3.201.0"
      "@aws-sdk/types" "3.222.0"
      "@aws-sdk/util-hex-encoding" "3.201.0"
      "@aws-sdk/util-middleware" "3.222.0"
      "@aws-sdk/util-uri-escape" "3.201.0"
      tslib "^2.3.1"
  
  "@aws-sdk/smithy-client@3.222.0":
    version "3.222.0"
    resolved "https://registry.npmjs.org/@aws-sdk/smithy-client/-/smithy-client-3.222.0.tgz"
    integrity sha512-4dnU7TvwKxVuOWduvFGClYe0EgNov5Ke1ef7O1bdKaj5MmlH6wBDgGJM4NKREBFapC2dUXkoPtwsihtYBci1Bw==
    dependencies:
      "@aws-sdk/middleware-stack" "3.222.0"
      "@aws-sdk/types" "3.222.0"
      tslib "^2.3.1"
  
  "@aws-sdk/token-providers@3.223.0":
    version "3.223.0"
    resolved "https://registry.npmjs.org/@aws-sdk/token-providers/-/token-providers-3.223.0.tgz"
    integrity sha512-ik6IYiZO9tTzYPJKzUob4U9faC9We6UtVZGynEGLMWSLETM+LefSHK0elEaJaCqx2F4NLodw+t9uvllR+8YUow==
    dependencies:
      "@aws-sdk/client-sso-oidc" "3.223.0"
      "@aws-sdk/property-provider" "3.222.0"
      "@aws-sdk/shared-ini-file-loader" "3.222.0"
      "@aws-sdk/types" "3.222.0"
      tslib "^2.3.1"
  
  "@aws-sdk/types@3.222.0", "@aws-sdk/types@^3.1.0", "@aws-sdk/types@^3.110.0":
    version "3.222.0"
    resolved "https://registry.npmjs.org/@aws-sdk/types/-/types-3.222.0.tgz"
    integrity sha512-yXRYptInkfEFaOvWFxlRXsRh9jWOmQc1sZeKqjfx2UCtzNJ7ebedN0VfCz4SaDotcw9Q4JWuN66qhRMJjDx7/w==
  
  "@aws-sdk/url-parser@3.222.0":
    version "3.222.0"
    resolved "https://registry.npmjs.org/@aws-sdk/url-parser/-/url-parser-3.222.0.tgz"
    integrity sha512-1+QbVdT/phYDb5JDQRJWoZeCujkXaI5m8z3bIiPxcRRY3NPuluDGrfX3kfnFen5s9QGByLvJxWKWZS+i+iUFRg==
    dependencies:
      "@aws-sdk/querystring-parser" "3.222.0"
      "@aws-sdk/types" "3.222.0"
      tslib "^2.3.1"
  
  "@aws-sdk/util-base64@3.208.0":
    version "3.208.0"
    resolved "https://registry.npmjs.org/@aws-sdk/util-base64/-/util-base64-3.208.0.tgz"
    integrity sha512-PQniZph5A6N7uuEOQi+1hnMz/FSOK/8kMFyFO+4DgA1dZ5pcKcn5wiFwHkcTb/BsgVqQa3Jx0VHNnvhlS8JyTg==
    dependencies:
      "@aws-sdk/util-buffer-from" "3.208.0"
      tslib "^2.3.1"
  
  "@aws-sdk/util-body-length-browser@3.188.0":
    version "3.188.0"
    resolved "https://registry.npmjs.org/@aws-sdk/util-body-length-browser/-/util-body-length-browser-3.188.0.tgz"
    integrity sha512-8VpnwFWXhnZ/iRSl9mTf+VKOX9wDE8QtN4bj9pBfxwf90H1X7E8T6NkiZD3k+HubYf2J94e7DbeHs7fuCPW5Qg==
    dependencies:
      tslib "^2.3.1"
  
  "@aws-sdk/util-body-length-node@3.208.0":
    version "3.208.0"
    resolved "https://registry.npmjs.org/@aws-sdk/util-body-length-node/-/util-body-length-node-3.208.0.tgz"
    integrity sha512-3zj50e5g7t/MQf53SsuuSf0hEELzMtD8RX8C76f12OSRo2Bca4FLLYHe0TZbxcfQHom8/hOaeZEyTyMogMglqg==
    dependencies:
      tslib "^2.3.1"
  
  "@aws-sdk/util-buffer-from@3.208.0":
    version "3.208.0"
    resolved "https://registry.npmjs.org/@aws-sdk/util-buffer-from/-/util-buffer-from-3.208.0.tgz"
    integrity sha512-7L0XUixNEFcLUGPeBF35enCvB9Xl+K6SQsmbrPk1P3mlV9mguWSDQqbOBwY1Ir0OVbD6H/ZOQU7hI/9RtRI0Zw==
    dependencies:
      "@aws-sdk/is-array-buffer" "3.201.0"
      tslib "^2.3.1"
  
  "@aws-sdk/util-config-provider@3.208.0":
    version "3.208.0"
    resolved "https://registry.npmjs.org/@aws-sdk/util-config-provider/-/util-config-provider-3.208.0.tgz"
    integrity sha512-DSRqwrERUsT34ug+anlMBIFooBEGwM8GejC7q00Y/9IPrQy50KnG5PW2NiTjuLKNi7pdEOlwTSEocJE15eDZIg==
    dependencies:
      tslib "^2.3.1"
  
  "@aws-sdk/util-defaults-mode-browser@3.222.0":
    version "3.222.0"
    resolved "https://registry.npmjs.org/@aws-sdk/util-defaults-mode-browser/-/util-defaults-mode-browser-3.222.0.tgz"
    integrity sha512-+dGsp59lrEkDmK7OO5ecMYasrTGIKacFHjqZ6aqmbn1xtcUd/o3Qe7g5YSRXMGwtZ6xhvBD+NJLkEERI7U7cMw==
    dependencies:
      "@aws-sdk/property-provider" "3.222.0"
      "@aws-sdk/types" "3.222.0"
      bowser "^2.11.0"
      tslib "^2.3.1"
  
  "@aws-sdk/util-defaults-mode-node@3.222.0":
    version "3.222.0"
    resolved "https://registry.npmjs.org/@aws-sdk/util-defaults-mode-node/-/util-defaults-mode-node-3.222.0.tgz"
    integrity sha512-W/duYMtmCCWdzHP+yscBB6yrARgAqWpFdxgBvMSlT8TjOTrh/F+aj4NPamiNMeUfqfMFGnboYfyWRr1avkcAGQ==
    dependencies:
      "@aws-sdk/config-resolver" "3.222.0"
      "@aws-sdk/credential-provider-imds" "3.222.0"
      "@aws-sdk/node-config-provider" "3.222.0"
      "@aws-sdk/property-provider" "3.222.0"
      "@aws-sdk/types" "3.222.0"
      tslib "^2.3.1"
  
  "@aws-sdk/util-endpoints@3.222.0":
    version "3.222.0"
    resolved "https://registry.npmjs.org/@aws-sdk/util-endpoints/-/util-endpoints-3.222.0.tgz"
    integrity sha512-qujJQv8lFysAr1lOlBTJhz7949NZyq5cj74Q9dR99AcAMXXeI9CQayPKH7477AnXRGOTMahZ3mV0HZ1bCJoNTw==
    dependencies:
      "@aws-sdk/types" "3.222.0"
      tslib "^2.3.1"
  
  "@aws-sdk/util-hex-encoding@3.201.0":
    version "3.201.0"
    resolved "https://registry.npmjs.org/@aws-sdk/util-hex-encoding/-/util-hex-encoding-3.201.0.tgz"
    integrity sha512-7t1vR1pVxKx0motd3X9rI3m/xNp78p3sHtP5yo4NP4ARpxyJ0fokBomY8ScaH2D/B+U5o9ARxldJUdMqyBlJcA==
    dependencies:
      tslib "^2.3.1"
  
  "@aws-sdk/util-locate-window@^3.0.0":
    version "3.208.0"
    resolved "https://registry.npmjs.org/@aws-sdk/util-locate-window/-/util-locate-window-3.208.0.tgz"
    integrity sha512-iua1A2+P7JJEDHVgvXrRJSvsnzG7stYSGQnBVphIUlemwl6nN5D+QrgbjECtrbxRz8asYFHSzhdhECqN+tFiBg==
    dependencies:
      tslib "^2.3.1"
  
  "@aws-sdk/util-middleware@3.222.0":
    version "3.222.0"
    resolved "https://registry.npmjs.org/@aws-sdk/util-middleware/-/util-middleware-3.222.0.tgz"
    integrity sha512-Y4BPtSa+6+qvg6OVW6RrdDx0OADfWa2Uxsxqdozpdnx2OQY0q+1diqsNgFMV+FIvdXqffE147KG7roG+/AfPeA==
    dependencies:
      tslib "^2.3.1"
  
  "@aws-sdk/util-uri-escape@3.201.0":
    version "3.201.0"
    resolved "https://registry.npmjs.org/@aws-sdk/util-uri-escape/-/util-uri-escape-3.201.0.tgz"
    integrity sha512-TeTWbGx4LU2c5rx0obHeDFeO9HvwYwQtMh1yniBz00pQb6Qt6YVOETVQikRZ+XRQwEyCg/dA375UplIpiy54mA==
    dependencies:
      tslib "^2.3.1"
  
  "@aws-sdk/util-user-agent-browser@3.222.0":
    version "3.222.0"
    resolved "https://registry.npmjs.org/@aws-sdk/util-user-agent-browser/-/util-user-agent-browser-3.222.0.tgz"
    integrity sha512-DREMeL0XHl4QIS2GVSHFwVH4mJZ+Dr04R3U8WfiMktXdA93j5tDMJpU3+PNaCZPeaqz2QNwrVSBWKwbwA357zQ==
    dependencies:
      "@aws-sdk/types" "3.222.0"
      bowser "^2.11.0"
      tslib "^2.3.1"
  
  "@aws-sdk/util-user-agent-node@3.222.0":
    version "3.222.0"
    resolved "https://registry.npmjs.org/@aws-sdk/util-user-agent-node/-/util-user-agent-node-3.222.0.tgz"
    integrity sha512-BMRMrPXL/HS3dSha9vcABkoANluKjB0pH78bc659EY2WUj9wCZdbUNQpACiYx8bwm7xKSxugCkmPd6NLWXUURw==
    dependencies:
      "@aws-sdk/node-config-provider" "3.222.0"
      "@aws-sdk/types" "3.222.0"
      tslib "^2.3.1"
  
  "@aws-sdk/util-utf8-browser@3.188.0", "@aws-sdk/util-utf8-browser@^3.0.0":
    version "3.188.0"
    resolved "https://registry.npmjs.org/@aws-sdk/util-utf8-browser/-/util-utf8-browser-3.188.0.tgz"
    integrity sha512-jt627x0+jE+Ydr9NwkFstg3cUvgWh56qdaqAMDsqgRlKD21md/6G226z/Qxl7lb1VEW2LlmCx43ai/37Qwcj2Q==
    dependencies:
      tslib "^2.3.1"
  
  "@aws-sdk/util-utf8-node@3.208.0":
    version "3.208.0"
    resolved "https://registry.npmjs.org/@aws-sdk/util-utf8-node/-/util-utf8-node-3.208.0.tgz"
    integrity sha512-jKY87Acv0yWBdFxx6bveagy5FYjz+dtV8IPT7ay1E2WPWH1czoIdMAkc8tSInK31T6CRnHWkLZ1qYwCbgRfERQ==
    dependencies:
      "@aws-sdk/util-buffer-from" "3.208.0"
      tslib "^2.3.1"
  
  "@types/node@*":
    version "18.11.10"
    resolved "https://registry.npmjs.org/@types/node/-/node-18.11.10.tgz"
    integrity sha512-juG3RWMBOqcOuXC643OAdSA525V44cVgGV6dUDuiFtss+8Fk5x1hI93Rsld43VeJVIeqlP9I7Fn9/qaVqoEAuQ==
  
  "@types/webidl-conversions@*":
    version "7.0.0"
    resolved "https://registry.npmjs.org/@types/webidl-conversions/-/webidl-conversions-7.0.0.tgz"
    integrity sha512-xTE1E+YF4aWPJJeUzaZI5DRntlkY3+BCVJi0axFptnjGmAoWxkyREIh/XMrfxVLejwQxMCfDXdICo0VLxThrog==
  
  "@types/whatwg-url@^8.2.1":
    version "8.2.2"
    resolved "https://registry.npmjs.org/@types/whatwg-url/-/whatwg-url-8.2.2.tgz"
    integrity sha512-FtQu10RWgn3D9U4aazdwIE2yzphmTJREDqNdODHrbrZmmMqI0vMheC/6NE/J1Yveaj8H+ela+YwWTjq5PGmuhA==
    dependencies:
      "@types/node" "*"
      "@types/webidl-conversions" "*"
  
  accepts@~1.3.8:
    version "1.3.8"
    resolved "https://registry.npmjs.org/accepts/-/accepts-1.3.8.tgz"
    integrity sha512-PYAthTa2m2VKxuvSD3DPC/Gy+U+sOA1LAuT8mkmRuvw+NACSaeXEQ+NHcVF7rONl6qcaxV3Uuemwawk+7+SJLw==
    dependencies:
      mime-types "~2.1.34"
      negotiator "0.6.3"
  
  array-flatten@1.1.1:
    version "1.1.1"
    resolved "https://registry.npmjs.org/array-flatten/-/array-flatten-1.1.1.tgz"
    integrity sha512-PCVAQswWemu6UdxsDFFX/+gVeYqKAod3D3UVm91jHwynguOwAvYPhx8nNlM++NqRcK6CxxpUafjmhIdKiHibqg==
  
  asap@^2.0.0:
    version "2.0.6"
    resolved "https://registry.npmjs.org/asap/-/asap-2.0.6.tgz"
    integrity sha512-BSHWgDSAiKs50o2Re8ppvp3seVHXSRM44cdSsT9FfNEUUZLOGWVCsiWaRPWM1Znn+mqZ1OfVZ3z3DWEzSp7hRA==
  
  asynckit@^0.4.0:
    version "0.4.0"
    resolved "https://registry.npmjs.org/asynckit/-/asynckit-0.4.0.tgz"
    integrity sha512-Oei9OH4tRh0YqU3GxhX79dM/mwVgvbZJaSNaRk+bshkj0S5cfHcgYakreBjrHwatXKbz+IoIdYLxrKim2MjW0Q==
  
  base64-js@^1.3.1:
    version "1.5.1"
    resolved "https://registry.npmjs.org/base64-js/-/base64-js-1.5.1.tgz"
    integrity sha512-AKpaYlHn8t4SVbOHCy+b5+KKgvR4vrsD8vbvrbiQJps7fKDTkjkDry6ji0rUJjC0kzbNePLwzxq8iypo41qeWA==
  
  basic-auth@~2.0.1:
    version "2.0.1"
    resolved "https://registry.npmjs.org/basic-auth/-/basic-auth-2.0.1.tgz"
    integrity sha512-NF+epuEdnUYVlGuhaxbbq+dvJttwLnGY+YixlXlME5KpQ5W3CnXA5cVTneY3SPbPDRkcjMbifrwmFYcClgOZeg==
    dependencies:
      safe-buffer "5.1.2"
  
  bluebird@^3.5.2:
    version "3.7.2"
    resolved "https://registry.npmjs.org/bluebird/-/bluebird-3.7.2.tgz"
    integrity sha512-XpNj6GDQzdfW+r2Wnn7xiSAd7TM3jzkxGXBGTtWKuSXv1xUV+azxAm8jdWZN06QTQk+2N2XB9jRDkvbmQmcRtg==
  
  body-parser@1.20.1:
    version "1.20.1"
    resolved "https://registry.npmjs.org/body-parser/-/body-parser-1.20.1.tgz"
    integrity sha512-jWi7abTbYwajOytWCQc37VulmWiRae5RyTpaCyDcS5/lMdtwSz5lOpDE67srw/HYe35f1z3fDQw+3txg7gNtWw==
    dependencies:
      bytes "3.1.2"
      content-type "~1.0.4"
      debug "2.6.9"
      depd "2.0.0"
      destroy "1.2.0"
      http-errors "2.0.0"
      iconv-lite "0.4.24"
      on-finished "2.4.1"
      qs "6.11.0"
      raw-body "2.5.1"
      type-is "~1.6.18"
      unpipe "1.0.0"
  
  bowser@^2.11.0:
    version "2.11.0"
    resolved "https://registry.npmjs.org/bowser/-/bowser-2.11.0.tgz"
    integrity sha512-AlcaJBi/pqqJBIQ8U9Mcpc9i8Aqxn88Skv5d+xBX006BY5u8N3mGLHa5Lgppa7L/HfwgwLgZ6NYs+Ag6uUmJRA==
  
  bson@^4.7.0:
    version "4.7.0"
    resolved "https://registry.npmjs.org/bson/-/bson-4.7.0.tgz"
    integrity sha512-VrlEE4vuiO1WTpfof4VmaVolCVYkYTgB9iWgYNOrVlnifpME/06fhFRmONgBhClD5pFC1t9ZWqFUQEQAzY43bA==
    dependencies:
      buffer "^5.6.0"
  
  buffer-equal-constant-time@1.0.1:
    version "1.0.1"
    resolved "https://registry.yarnpkg.com/buffer-equal-constant-time/-/buffer-equal-constant-time-1.0.1.tgz#f8e71132f7ffe6e01a5c9697a4c6f3e48d5cc819"
    integrity sha512-zRpUiDwd/xk6ADqPMATG8vc9VPrkck7T07OIx0gnjmJAnHnTVXNQG3vfvWNuiZIkwu9KrKdA1iJKfsfTVxE6NA==
  
  buffer@^5.6.0:
    version "5.7.1"
    resolved "https://registry.npmjs.org/buffer/-/buffer-5.7.1.tgz"
    integrity sha512-EHcyIPBQ4BSGlvjB16k5KgAJ27CIsHY/2JBmCRReo48y9rQ3MaUzWX3KVlBa4U7MyX02HdVj0K7C3WaB3ju7FQ==
    dependencies:
      base64-js "^1.3.1"
      ieee754 "^1.1.13"
  
  busboy@^1.6.0:
    version "1.6.0"
    resolved "https://registry.yarnpkg.com/busboy/-/busboy-1.6.0.tgz#966ea36a9502e43cdb9146962523b92f531f6893"
    integrity sha512-8SFQbg/0hQ9xy3UNTB0YEnsNBbWfhf7RtnzpL7TkBiTBRfrQ9Fxcnz7VJsleJpyp6rVLvXiuORqjlHi5q+PYuA==
    dependencies:
      streamsearch "^1.1.0"
  
  bytes@3.1.2:
    version "3.1.2"
    resolved "https://registry.npmjs.org/bytes/-/bytes-3.1.2.tgz"
    integrity sha512-/Nf7TyzTx6S3yRJObOAV7956r8cr2+Oj8AC5dt8wSP3BQAoeX58NoHyCU8P8zGkNXStjTSi6fzO6F0pBdcYbEg==
  
  call-bind@^1.0.0:
    version "1.0.2"
    resolved "https://registry.npmjs.org/call-bind/-/call-bind-1.0.2.tgz"
    integrity sha512-7O+FbCihrB5WGbFYesctwmTKae6rOiIzmz1icreWJ+0aA7LJfuqhEso2T9ncpcFtzMQtzXf2QGGueWJGTYsqrA==
    dependencies:
      function-bind "^1.1.1"
      get-intrinsic "^1.0.2"
  
  combined-stream@^1.0.8:
    version "1.0.8"
    resolved "https://registry.npmjs.org/combined-stream/-/combined-stream-1.0.8.tgz"
    integrity sha512-FQN4MRfuJeHf7cBbBMJFXhKSDq+2kAArBlmRBvcvFE5BB1HZKXtSFASDhdlz9zOYwxh8lDdnvmMOe/+5cdoEdg==
    dependencies:
      delayed-stream "~1.0.0"
  
  component-emitter@^1.3.0:
    version "1.3.0"
    resolved "https://registry.npmjs.org/component-emitter/-/component-emitter-1.3.0.tgz"
    integrity sha512-Rd3se6QB+sO1TwqZjscQrurpEPIfO0/yYnSin6Q/rD3mOutHvUrCAhJub3r90uNb+SESBuE0QYoB90YdfatsRg==
  
  content-disposition@0.5.4:
    version "0.5.4"
    resolved "https://registry.npmjs.org/content-disposition/-/content-disposition-0.5.4.tgz"
    integrity sha512-FveZTNuGw04cxlAiWbzi6zTAL/lhehaWbTtgluJh4/E95DqMwTmha3KZN1aAWA8cFIhHzMZUvLevkw5Rqk+tSQ==
    dependencies:
      safe-buffer "5.2.1"
  
  content-type@~1.0.4:
    version "1.0.4"
    resolved "https://registry.npmjs.org/content-type/-/content-type-1.0.4.tgz"
    integrity sha512-hIP3EEPs8tB9AT1L+NUqtwOAps4mk2Zob89MWXMHjHWg9milF/j4osnnQLXBCBFBk/tvIG/tUc9mOUJiPBhPXA==
  
  cookie-signature@1.0.6:
    version "1.0.6"
    resolved "https://registry.npmjs.org/cookie-signature/-/cookie-signature-1.0.6.tgz"
    integrity sha512-QADzlaHc8icV8I7vbaJXJwod9HWYp8uCqf1xa4OfNu1T7JVxQIrUgOWtHdNDtPiywmFbiS12VjotIXLrKM3orQ==
  
  cookie@0.5.0:
    version "0.5.0"
    resolved "https://registry.npmjs.org/cookie/-/cookie-0.5.0.tgz"
    integrity sha512-YZ3GUyn/o8gfKJlnlX7g7xq4gyO6OSuhGPKaaGssGB2qgDUS0gPgtTvoyZLTt9Ab6dC4hfc9dV5arkvc/OCmrw==
  
  cookiejar@^2.1.3:
    version "2.1.3"
    resolved "https://registry.npmjs.org/cookiejar/-/cookiejar-2.1.3.tgz"
    integrity sha512-JxbCBUdrfr6AQjOXrxoTvAMJO4HBTUIlBzslcJPAz+/KT8yk53fXun51u+RenNYvad/+Vc2DIz5o9UxlCDymFQ==
  
  debug@2.6.9:
    version "2.6.9"
    resolved "https://registry.npmjs.org/debug/-/debug-2.6.9.tgz"
    integrity sha512-bC7ElrdJaJnPbAP+1EotYvqZsb3ecl5wi6Bfi6BJTUcNowp6cvspg0jXznRTKDjm/E7AdgFBVeAPVMNcKGsHMA==
    dependencies:
      ms "2.0.0"
  
  debug@4.x, debug@^4.3.4:
    version "4.3.4"
    resolved "https://registry.npmjs.org/debug/-/debug-4.3.4.tgz"
    integrity sha512-PRWFHuSU3eDtQJPvnNY7Jcket1j0t5OuOsFzPPzsekD52Zl8qUfFIPEiswXqIvHWGVHOgX+7G/vCNNhehwxfkQ==
    dependencies:
      ms "2.1.2"
  
  delayed-stream@~1.0.0:
    version "1.0.0"
    resolved "https://registry.npmjs.org/delayed-stream/-/delayed-stream-1.0.0.tgz"
    integrity sha512-ZySD7Nf91aLB0RxL4KGrKHBXl7Eds1DAmEdcoVawXnLD7SDhpNgtuII2aAkg7a7QS41jxPSZ17p4VdGnMHk3MQ==
  
  denque@^2.1.0:
    version "2.1.0"
    resolved "https://registry.npmjs.org/denque/-/denque-2.1.0.tgz"
    integrity sha512-HVQE3AAb/pxF8fQAoiqpvg9i3evqug3hoiwakOyZAwJm+6vZehbkYXZ0l4JxS+I3QxM97v5aaRNhj8v5oBhekw==
  
  depd@2.0.0, depd@~2.0.0:
    version "2.0.0"
    resolved "https://registry.npmjs.org/depd/-/depd-2.0.0.tgz"
    integrity sha512-g7nH6P6dyDioJogAAGprGpCtVImJhpPk/roCzdb3fIh61/s/nPsfR6onyMwkCAR/OlC3yBC0lESvUoQEAssIrw==
  
  destroy@1.2.0:
    version "1.2.0"
    resolved "https://registry.npmjs.org/destroy/-/destroy-1.2.0.tgz"
    integrity sha512-2sJGJTaXIIaR1w4iJSNoN0hnMY7Gpc/n8D4qSCJw8QqFWXf7cuAgnEHxBpweaVcPevC2l3KpjYCx3NypQQgaJg==
  
  dezalgo@^1.0.4:
    version "1.0.4"
    resolved "https://registry.npmjs.org/dezalgo/-/dezalgo-1.0.4.tgz"
    integrity sha512-rXSP0bf+5n0Qonsb+SVVfNfIsimO4HEtmnIpPHY8Q1UCzKlQrDMfdobr8nJOOsRgWCyMRqeSBQzmWUMq7zvVig==
    dependencies:
      asap "^2.0.0"
      wrappy "1"
  
  dotenv@^16.0.3:
    version "16.0.3"
    resolved "https://registry.npmjs.org/dotenv/-/dotenv-16.0.3.tgz"
    integrity sha512-7GO6HghkA5fYG9TYnNxi14/7K9f5occMlp3zXAuSxn7CKCxt9xbNWG7yF8hTCSUchlfWSe3uLmlPfigevRItzQ==
  
  ecdsa-sig-formatter@1.0.11:
    version "1.0.11"
    resolved "https://registry.yarnpkg.com/ecdsa-sig-formatter/-/ecdsa-sig-formatter-1.0.11.tgz#ae0f0fa2d85045ef14a817daa3ce9acd0489e5bf"
    integrity sha512-nagl3RYrbNv6kQkeJIpt6NJZy8twLB/2vtz6yN9Z4vRKHN4/QZJIEbqohALSgwKdnksuY3k5Addp5lg8sVoVcQ==
    dependencies:
      safe-buffer "^5.0.1"
  
  ee-first@1.1.1:
    version "1.1.1"
    resolved "https://registry.npmjs.org/ee-first/-/ee-first-1.1.1.tgz"
    integrity sha512-WMwm9LhRUo+WUaRN+vRuETqG89IgZphVSNkdFgeb6sS/E4OrDIN7t48CAewSHXc6C8lefD8KKfr5vY61brQlow==
  
  encodeurl@~1.0.2:
    version "1.0.2"
    resolved "https://registry.npmjs.org/encodeurl/-/encodeurl-1.0.2.tgz"
    integrity sha512-TPJXq8JqFaVYm2CWmPvnP2Iyo4ZSM7/QKcSmuMLDObfpH5fi7RUGmd/rTDf+rut/saiDiQEeVTNgAmJEdAOx0w==
  
  escape-html@~1.0.3:
    version "1.0.3"
    resolved "https://registry.npmjs.org/escape-html/-/escape-html-1.0.3.tgz"
    integrity sha512-NiSupZ4OeuGwr68lGIeym/ksIZMJodUGOSCZ/FSnTxcrekbvqrgdUxlJOMpijaKZVjAJrWrGs/6Jy8OMuyj9ow==
  
  etag@~1.8.1:
    version "1.8.1"
    resolved "https://registry.npmjs.org/etag/-/etag-1.8.1.tgz"
    integrity sha512-aIL5Fx7mawVa300al2BnEE4iNvo1qETxLrPI/o05L7z6go7fCw1J6EQmbK4FmJ2AS7kgVF/KEZWufBfdClMcPg==
  
  express-fileupload@^1.4.0:
    version "1.4.0"
    resolved "https://registry.yarnpkg.com/express-fileupload/-/express-fileupload-1.4.0.tgz#be9d70a881d6c2b1ce668df86e4f89ddbf238ec7"
    integrity sha512-RjzLCHxkv3umDeZKeFeMg8w7qe0V09w3B7oGZprr/oO2H/ISCgNzuqzn7gV3HRWb37GjRk429CCpSLS2KNTqMQ==
    dependencies:
      busboy "^1.6.0"
  
  express@^4.18.2:
    version "4.18.2"
    resolved "https://registry.npmjs.org/express/-/express-4.18.2.tgz"
    integrity sha512-5/PsL6iGPdfQ/lKM1UuielYgv3BUoJfz1aUwU9vHZ+J7gyvwdQXFEBIEIaxeGf0GIcreATNyBExtalisDbuMqQ==
    dependencies:
      accepts "~1.3.8"
      array-flatten "1.1.1"
      body-parser "1.20.1"
      content-disposition "0.5.4"
      content-type "~1.0.4"
      cookie "0.5.0"
      cookie-signature "1.0.6"
      debug "2.6.9"
      depd "2.0.0"
      encodeurl "~1.0.2"
      escape-html "~1.0.3"
      etag "~1.8.1"
      finalhandler "1.2.0"
      fresh "0.5.2"
      http-errors "2.0.0"
      merge-descriptors "1.0.1"
      methods "~1.1.2"
      on-finished "2.4.1"
      parseurl "~1.3.3"
      path-to-regexp "0.1.7"
      proxy-addr "~2.0.7"
      qs "6.11.0"
      range-parser "~1.2.1"
      safe-buffer "5.2.1"
      send "0.18.0"
      serve-static "1.15.0"
      setprototypeof "1.2.0"
      statuses "2.0.1"
      type-is "~1.6.18"
      utils-merge "1.0.1"
      vary "~1.1.2"
  
  fast-safe-stringify@^2.1.1:
    version "2.1.1"
    resolved "https://registry.npmjs.org/fast-safe-stringify/-/fast-safe-stringify-2.1.1.tgz"
    integrity sha512-W+KJc2dmILlPplD/H4K9l9LcAHAfPtP6BY84uVLXQ6Evcz9Lcg33Y2z1IVblT6xdY54PXYVHEv+0Wpq8Io6zkA==
  
  fast-xml-parser@4.0.11:
    version "4.0.11"
    resolved "https://registry.npmjs.org/fast-xml-parser/-/fast-xml-parser-4.0.11.tgz"
    integrity sha512-4aUg3aNRR/WjQAcpceODG1C3x3lFANXRo8+1biqfieHmg9pyMt7qB4lQV/Ta6sJCTbA5vfD8fnA8S54JATiFUA==
    dependencies:
      strnum "^1.0.5"
  
  finalhandler@1.2.0:
    version "1.2.0"
    resolved "https://registry.npmjs.org/finalhandler/-/finalhandler-1.2.0.tgz"
    integrity sha512-5uXcUVftlQMFnWC9qu/svkWv3GTd2PfUhK/3PLkYNAe7FbqJMt3515HaxE6eRL74GdsriiwujiawdaB1BpEISg==
    dependencies:
      debug "2.6.9"
      encodeurl "~1.0.2"
      escape-html "~1.0.3"
      on-finished "2.4.1"
      parseurl "~1.3.3"
      statuses "2.0.1"
      unpipe "~1.0.0"
  
  form-data@^4.0.0:
    version "4.0.0"
    resolved "https://registry.npmjs.org/form-data/-/form-data-4.0.0.tgz"
    integrity sha512-ETEklSGi5t0QMZuiXoA/Q6vcnxcLQP5vdugSpuAyi6SVGi2clPPp+xgEhuMaHC+zGgn31Kd235W35f7Hykkaww==
    dependencies:
      asynckit "^0.4.0"
      combined-stream "^1.0.8"
      mime-types "^2.1.12"
  
  formidable@^2.0.1:
    version "2.1.1"
    resolved "https://registry.npmjs.org/formidable/-/formidable-2.1.1.tgz"
    integrity sha512-0EcS9wCFEzLvfiks7omJ+SiYJAiD+TzK4Pcw1UlUoGnhUxDcMKjt0P7x8wEb0u6OHu8Nb98WG3nxtlF5C7bvUQ==
    dependencies:
      dezalgo "^1.0.4"
      hexoid "^1.0.0"
      once "^1.4.0"
      qs "^6.11.0"
  
  forwarded@0.2.0:
    version "0.2.0"
    resolved "https://registry.npmjs.org/forwarded/-/forwarded-0.2.0.tgz"
    integrity sha512-buRG0fpBtRHSTCOASe6hD258tEubFoRLb4ZNA6NxMVHNw2gOcwHo9wyablzMzOA5z9xA9L1KNjk/Nt6MT9aYow==
  
  fresh@0.5.2:
    version "0.5.2"
    resolved "https://registry.npmjs.org/fresh/-/fresh-0.5.2.tgz"
    integrity sha512-zJ2mQYM18rEFOudeV4GShTGIQ7RbzA7ozbU9I/XBpm7kqgMywgmylMwXHxZJmkVoYkna9d2pVXVXPdYTP9ej8Q==
  
  function-bind@^1.1.1:
    version "1.1.1"
    resolved "https://registry.npmjs.org/function-bind/-/function-bind-1.1.1.tgz"
    integrity sha512-yIovAzMX49sF8Yl58fSCWJ5svSLuaibPxXQJFLmBObTuCr0Mf1KiPopGM9NiFjiYBCbfaa2Fh6breQ6ANVTI0A==
  
  get-intrinsic@^1.0.2:
    version "1.1.3"
    resolved "https://registry.npmjs.org/get-intrinsic/-/get-intrinsic-1.1.3.tgz"
    integrity sha512-QJVz1Tj7MS099PevUG5jvnt9tSkXN8K14dxQlikJuPt4uD9hHAHjLyLBiLR5zELelBdD9QNRAXZzsJx0WaDL9A==
    dependencies:
      function-bind "^1.1.1"
      has "^1.0.3"
      has-symbols "^1.0.3"
  
  has-symbols@^1.0.3:
    version "1.0.3"
    resolved "https://registry.npmjs.org/has-symbols/-/has-symbols-1.0.3.tgz"
    integrity sha512-l3LCuF6MgDNwTDKkdYGEihYjt5pRPbEg46rtlmnSPlUbgmB8LOIrKJbYYFBSbnPaJexMKtiPO8hmeRjRz2Td+A==
  
  has@^1.0.3:
    version "1.0.3"
    resolved "https://registry.npmjs.org/has/-/has-1.0.3.tgz"
    integrity sha512-f2dvO0VU6Oej7RkWJGrehjbzMAjFp5/VKPp5tTpWIV4JHHZK1/BxbFRtf/siA2SWTe09caDmVtYYzWEIbBS4zw==
    dependencies:
      function-bind "^1.1.1"
  
  hexoid@^1.0.0:
    version "1.0.0"
    resolved "https://registry.npmjs.org/hexoid/-/hexoid-1.0.0.tgz"
    integrity sha512-QFLV0taWQOZtvIRIAdBChesmogZrtuXvVWsFHZTk2SU+anspqZ2vMnoLg7IE1+Uk16N19APic1BuF8bC8c2m5g==
  
  http-errors@2.0.0:
    version "2.0.0"
    resolved "https://registry.npmjs.org/http-errors/-/http-errors-2.0.0.tgz"
    integrity sha512-FtwrG/euBzaEjYeRqOgly7G0qviiXoJWnvEH2Z1plBdXgbyjv34pHTSb9zoeHMyDy33+DWy5Wt9Wo+TURtOYSQ==
    dependencies:
      depd "2.0.0"
      inherits "2.0.4"
      setprototypeof "1.2.0"
      statuses "2.0.1"
      toidentifier "1.0.1"
  
  iconv-lite@0.4.24:
    version "0.4.24"
    resolved "https://registry.npmjs.org/iconv-lite/-/iconv-lite-0.4.24.tgz"
    integrity sha512-v3MXnZAcvnywkTUEZomIActle7RXXeedOR31wwl7VlyoXO4Qi9arvSenNQWne1TcRwhCL1HwLI21bEqdpj8/rA==
    dependencies:
      safer-buffer ">= 2.1.2 < 3"
  
  ieee754@^1.1.13:
    version "1.2.1"
    resolved "https://registry.npmjs.org/ieee754/-/ieee754-1.2.1.tgz"
    integrity sha512-dcyqhDvX1C46lXZcVqCpK+FtMRQVdIMN6/Df5js2zouUsqG7I6sFxitIC+7KYK29KdXOLHdu9zL4sFnoVQnqaA==
  
  inherits@2.0.4:
    version "2.0.4"
    resolved "https://registry.npmjs.org/inherits/-/inherits-2.0.4.tgz"
    integrity sha512-k/vGaX4/Yla3WzyMCvTQOXYeIHvqOKtnqBduzTHpzpQZzAskKMhZ2K+EnBiSM9zGSoIFeMpXKxa4dYeZIQqewQ==
  
  ip@^2.0.0:
    version "2.0.0"
    resolved "https://registry.npmjs.org/ip/-/ip-2.0.0.tgz"
    integrity sha512-WKa+XuLG1A1R0UWhl2+1XQSi+fZWMsYKffMZTTYsiZaUD8k2yDAj5atimTUD2TZkyCkNEeYE5NhFZmupOGtjYQ==
  
  ipaddr.js@1.9.1:
    version "1.9.1"
    resolved "https://registry.npmjs.org/ipaddr.js/-/ipaddr.js-1.9.1.tgz"
    integrity sha512-0KI/607xoxSToH7GjN1FfSbLoU0+btTicjsQSWQlh/hZykN8KpmMf7uYwPW3R+akZ6R/w18ZlXSHBYXiYUPO3g==
  
  jsonwebtoken@^8.5.1:
    version "8.5.1"
    resolved "https://registry.yarnpkg.com/jsonwebtoken/-/jsonwebtoken-8.5.1.tgz#00e71e0b8df54c2121a1f26137df2280673bcc0d"
    integrity sha512-XjwVfRS6jTMsqYs0EsuJ4LGxXV14zQybNd4L2r0UvbVnSF9Af8x7p5MzbJ90Ioz/9TI41/hTCvznF/loiSzn8w==
    dependencies:
      jws "^3.2.2"
      lodash.includes "^4.3.0"
      lodash.isboolean "^3.0.3"
      lodash.isinteger "^4.0.4"
      lodash.isnumber "^3.0.3"
      lodash.isplainobject "^4.0.6"
      lodash.isstring "^4.0.1"
      lodash.once "^4.0.0"
      ms "^2.1.1"
      semver "^5.6.0"
  
  jwa@^1.4.1:
    version "1.4.1"
    resolved "https://registry.yarnpkg.com/jwa/-/jwa-1.4.1.tgz#743c32985cb9e98655530d53641b66c8645b039a"
    integrity sha512-qiLX/xhEEFKUAJ6FiBMbes3w9ATzyk5W7Hvzpa/SLYdxNtng+gcurvrI7TbACjIXlsJyr05/S1oUhZrc63evQA==
    dependencies:
      buffer-equal-constant-time "1.0.1"
      ecdsa-sig-formatter "1.0.11"
      safe-buffer "^5.0.1"
  
  jws@^3.2.2:
    version "3.2.2"
    resolved "https://registry.yarnpkg.com/jws/-/jws-3.2.2.tgz#001099f3639468c9414000e99995fa52fb478304"
    integrity sha512-YHlZCB6lMTllWDtSPHz/ZXTsi8S00usEV6v1tjq8tOUZzw7DpSDWVXjXDre6ed1w/pd495ODpHZYSdkRTsa0HA==
    dependencies:
      jwa "^1.4.1"
      safe-buffer "^5.0.1"
  
  kareem@2.4.1:
    version "2.4.1"
    resolved "https://registry.npmjs.org/kareem/-/kareem-2.4.1.tgz"
    integrity sha512-aJ9opVoXroQUPfovYP5kaj2lM7Jn02Gw13bL0lg9v0V7SaUc0qavPs0Eue7d2DcC3NjqI6QAUElXNsuZSeM+EA==
  
  lodash.includes@^4.3.0:
    version "4.3.0"
    resolved "https://registry.yarnpkg.com/lodash.includes/-/lodash.includes-4.3.0.tgz#60bb98a87cb923c68ca1e51325483314849f553f"
    integrity sha512-W3Bx6mdkRTGtlJISOvVD/lbqjTlPPUDTMnlXZFnVwi9NKJ6tiAk6LVdlhZMm17VZisqhKcgzpO5Wz91PCt5b0w==
  
  lodash.isboolean@^3.0.3:
    version "3.0.3"
    resolved "https://registry.yarnpkg.com/lodash.isboolean/-/lodash.isboolean-3.0.3.tgz#6c2e171db2a257cd96802fd43b01b20d5f5870f6"
    integrity sha512-Bz5mupy2SVbPHURB98VAcw+aHh4vRV5IPNhILUCsOzRmsTmSQ17jIuqopAentWoehktxGd9e/hbIXq980/1QJg==
  
  lodash.isinteger@^4.0.4:
    version "4.0.4"
    resolved "https://registry.yarnpkg.com/lodash.isinteger/-/lodash.isinteger-4.0.4.tgz#619c0af3d03f8b04c31f5882840b77b11cd68343"
    integrity sha512-DBwtEWN2caHQ9/imiNeEA5ys1JoRtRfY3d7V9wkqtbycnAmTvRRmbHKDV4a0EYc678/dia0jrte4tjYwVBaZUA==
  
  lodash.isnumber@^3.0.3:
    version "3.0.3"
    resolved "https://registry.yarnpkg.com/lodash.isnumber/-/lodash.isnumber-3.0.3.tgz#3ce76810c5928d03352301ac287317f11c0b1ffc"
    integrity sha512-QYqzpfwO3/CWf3XP+Z+tkQsfaLL/EnUlXWVkIk5FUPc4sBdTehEqZONuyRt2P67PXAk+NXmTBcc97zw9t1FQrw==
  
  lodash.isplainobject@^4.0.6:
    version "4.0.6"
    resolved "https://registry.yarnpkg.com/lodash.isplainobject/-/lodash.isplainobject-4.0.6.tgz#7c526a52d89b45c45cc690b88163be0497f550cb"
    integrity sha512-oSXzaWypCMHkPC3NvBEaPHf0KsA5mvPrOPgQWDsbg8n7orZ290M0BmC/jgRZ4vcJ6DTAhjrsSYgdsW/F+MFOBA==
  
  lodash.isstring@^4.0.1:
    version "4.0.1"
    resolved "https://registry.yarnpkg.com/lodash.isstring/-/lodash.isstring-4.0.1.tgz#d527dfb5456eca7cc9bb95d5daeaf88ba54a5451"
    integrity sha512-0wJxfxH1wgO3GrbuP+dTTk7op+6L41QCXbGINEmD+ny/G/eCqGzxyCsh7159S+mgDDcoarnBw6PC1PS5+wUGgw==
  
  lodash.once@^4.0.0:
    version "4.1.1"
    resolved "https://registry.yarnpkg.com/lodash.once/-/lodash.once-4.1.1.tgz#0dd3971213c7c56df880977d504c88fb471a97ac"
    integrity sha512-Sb487aTOCr9drQVL8pIxOzVhafOjZN9UU54hiN8PU3uAiSV7lx1yYNpbNmex2PK6dSJoNTSJUUswT651yww3Mg==
  
  lru-cache@^6.0.0:
    version "6.0.0"
    resolved "https://registry.npmjs.org/lru-cache/-/lru-cache-6.0.0.tgz"
    integrity sha512-Jo6dJ04CmSjuznwJSS3pUeWmd/H0ffTlkXXgwZi+eq1UCmqQwCh+eLsYOYCwY991i2Fah4h1BEMCx4qThGbsiA==
    dependencies:
      yallist "^4.0.0"
  
  mapquest@^0.2.0:
    version "0.2.0"
    resolved "https://registry.npmjs.org/mapquest/-/mapquest-0.2.0.tgz"
    integrity sha512-5UuKTjLBlMuUlinxhYhZyq8k1/1N6PH36JglPQ8htZpzpBqRJzbG1tigrx/6LoXNkCT2jB/uAbGHvS84ml/THA==
    dependencies:
      superagent "*"
  
  media-typer@0.3.0:
    version "0.3.0"
    resolved "https://registry.npmjs.org/media-typer/-/media-typer-0.3.0.tgz"
    integrity sha512-dq+qelQ9akHpcOl/gUVRTxVIOkAJ1wR3QAvb4RsVjS8oVoFjDGTc679wJYmUmknUF5HwMLOgb5O+a3KxfWapPQ==
  
  memory-pager@^1.0.2:
    version "1.5.0"
    resolved "https://registry.npmjs.org/memory-pager/-/memory-pager-1.5.0.tgz"
    integrity sha512-ZS4Bp4r/Zoeq6+NLJpP+0Zzm0pR8whtGPf1XExKLJBAczGMnSi3It14OiNCStjQjM6NU1okjQGSxgEZN8eBYKg==
  
  merge-descriptors@1.0.1:
    version "1.0.1"
    resolved "https://registry.npmjs.org/merge-descriptors/-/merge-descriptors-1.0.1.tgz"
    integrity sha512-cCi6g3/Zr1iqQi6ySbseM1Xvooa98N0w31jzUYrXPX2xqObmFGHJ0tQ5u74H3mVh7wLouTseZyYIq39g8cNp1w==
  
  methods@^1.1.2, methods@~1.1.2:
    version "1.1.2"
    resolved "https://registry.npmjs.org/methods/-/methods-1.1.2.tgz"
    integrity sha512-iclAHeNqNm68zFtnZ0e+1L2yUIdvzNoauKU4WBA3VvH/vPFieF7qfRlwUZU+DA9P9bPXIS90ulxoUoCH23sV2w==
  
  mime-db@1.52.0:
    version "1.52.0"
    resolved "https://registry.npmjs.org/mime-db/-/mime-db-1.52.0.tgz"
    integrity sha512-sPU4uV7dYlvtWJxwwxHD0PuihVNiE7TyAbQ5SWxDCB9mUYvOgroQOwYQQOKPJ8CIbE+1ETVlOoK1UC2nU3gYvg==
  
  mime-types@^2.1.12, mime-types@~2.1.24, mime-types@~2.1.34:
    version "2.1.35"
    resolved "https://registry.npmjs.org/mime-types/-/mime-types-2.1.35.tgz"
    integrity sha512-ZDY+bPm5zTTF+YpCrAU9nK0UgICYPT0QtT1NZWFv4s++TNkcgVaT0g6+4R2uI4MjQjzysHB1zxuWL50hzaeXiw==
    dependencies:
      mime-db "1.52.0"
  
  mime@1.6.0:
    version "1.6.0"
    resolved "https://registry.npmjs.org/mime/-/mime-1.6.0.tgz"
    integrity sha512-x0Vn8spI+wuJ1O6S7gnbaQg8Pxh4NNHb7KSINmEWKiPE4RKOplvijn+NkmYmmRgP68mc70j2EbeTFRsrswaQeg==
  
  mime@2.6.0:
    version "2.6.0"
    resolved "https://registry.npmjs.org/mime/-/mime-2.6.0.tgz"
    integrity sha512-USPkMeET31rOMiarsBNIHZKLGgvKc/LrjofAnBlOttf5ajRvqiRA8QsenbcooctK6d6Ts6aqZXBA+XbkKthiQg==
  
  mongodb-connection-string-url@^2.5.4:
    version "2.6.0"
    resolved "https://registry.npmjs.org/mongodb-connection-string-url/-/mongodb-connection-string-url-2.6.0.tgz"
    integrity sha512-WvTZlI9ab0QYtTYnuMLgobULWhokRjtC7db9LtcVfJ+Hsnyr5eo6ZtNAt3Ly24XZScGMelOcGtm7lSn0332tPQ==
    dependencies:
      "@types/whatwg-url" "^8.2.1"
      whatwg-url "^11.0.0"
  
  mongodb@4.11.0:
    version "4.11.0"
    resolved "https://registry.npmjs.org/mongodb/-/mongodb-4.11.0.tgz"
    integrity sha512-9l9n4Nk2BYZzljW3vHah3Z0rfS5npKw6ktnkmFgTcnzaXH1DRm3pDl6VMHu84EVb1lzmSaJC4OzWZqTkB5i2wg==
    dependencies:
      bson "^4.7.0"
      denque "^2.1.0"
      mongodb-connection-string-url "^2.5.4"
      socks "^2.7.1"
    optionalDependencies:
      "@aws-sdk/credential-providers" "^3.186.0"
      saslprep "^1.0.3"
  
  mongoose@^6.7.5:
    version "6.7.5"
    resolved "https://registry.npmjs.org/mongoose/-/mongoose-6.7.5.tgz"
    integrity sha512-3ppxBxDUIoQKYISVpAg7hjmV1lkGBN3tN9AkQr1Vqc68L5k+Bo+uyfOhpbCFpCf5JZLcEO4cmuB5YX+d9h3plw==
    dependencies:
      bson "^4.7.0"
      kareem "2.4.1"
      mongodb "4.11.0"
      mpath "0.9.0"
      mquery "4.0.3"
      ms "2.1.3"
      sift "16.0.1"
  
  morgan@^1.10.0:
    version "1.10.0"
    resolved "https://registry.npmjs.org/morgan/-/morgan-1.10.0.tgz"
    integrity sha512-AbegBVI4sh6El+1gNwvD5YIck7nSA36weD7xvIxG4in80j/UoK8AEGaWnnz8v1GxonMCltmlNs5ZKbGvl9b1XQ==
    dependencies:
      basic-auth "~2.0.1"
      debug "2.6.9"
      depd "~2.0.0"
      on-finished "~2.3.0"
      on-headers "~1.0.2"
  
  mpath@0.9.0:
    version "0.9.0"
    resolved "https://registry.npmjs.org/mpath/-/mpath-0.9.0.tgz"
    integrity sha512-ikJRQTk8hw5DEoFVxHG1Gn9T/xcjtdnOKIU1JTmGjZZlg9LST2mBLmcX3/ICIbgJydT2GOc15RnNy5mHmzfSew==
  
  mquery@4.0.3:
    version "4.0.3"
    resolved "https://registry.npmjs.org/mquery/-/mquery-4.0.3.tgz"
    integrity sha512-J5heI+P08I6VJ2Ky3+33IpCdAvlYGTSUjwTPxkAr8i8EoduPMBX2OY/wa3IKZIQl7MU4SbFk8ndgSKyB/cl1zA==
    dependencies:
      debug "4.x"
  
  ms@2.0.0:
    version "2.0.0"
    resolved "https://registry.npmjs.org/ms/-/ms-2.0.0.tgz"
    integrity sha512-Tpp60P6IUJDTuOq/5Z8cdskzJujfwqfOTkrwIwj7IRISpnkJnT6SyJ4PCPnGMoFjC9ddhal5KVIYtAt97ix05A==
  
  ms@2.1.2:
    version "2.1.2"
    resolved "https://registry.npmjs.org/ms/-/ms-2.1.2.tgz"
    integrity sha512-sGkPx+VjMtmA6MX27oA4FBFELFCZZ4S4XqeGOXCv68tT+jb3vk/RyaKWP0PTKyWtmLSM0b+adUTEvbs1PEaH2w==
  
  ms@2.1.3, ms@^2.1.1:
    version "2.1.3"
    resolved "https://registry.npmjs.org/ms/-/ms-2.1.3.tgz"
    integrity sha512-6FlzubTLZG3J2a/NVCAleEhjzq5oxgHyaCU9yYXvcLsvoVaHJq/s5xXI6/XXP6tz7R9xAOtHnSO/tXtF3WRTlA==
  
  negotiator@0.6.3:
    version "0.6.3"
    resolved "https://registry.npmjs.org/negotiator/-/negotiator-0.6.3.tgz"
    integrity sha512-+EUsqGPLsM+j/zdChZjsnX51g4XrHFOIXwfnCVPGlQk/k5giakcKsuxCObBRu6DSm9opw/O6slWbJdghQM4bBg==
  
  node-fetch@^2.6.0:
    version "2.6.7"
    resolved "https://registry.npmjs.org/node-fetch/-/node-fetch-2.6.7.tgz"
    integrity sha512-ZjMPFEfVx5j+y2yF35Kzx5sF7kDzxuDj6ziH4FFbOp87zKDZNx8yExJIb05OGF4Nlt9IHFIMBkRl41VdvcNdbQ==
    dependencies:
      whatwg-url "^5.0.0"
  
  node-geocoder@^4.2.0:
    version "4.2.0"
    resolved "https://registry.npmjs.org/node-geocoder/-/node-geocoder-4.2.0.tgz"
    integrity sha512-ZvUiOHWHLVGlrYPvazXj+VQ9oK+EOMinh/5vWoBwOQiV0eCU7GPtEWrMRNnKvmBVOzZHb1eFe9uoKMFeyygMVA==
    dependencies:
      bluebird "^3.5.2"
      node-fetch "^2.6.0"
  
  object-inspect@^1.9.0:
    version "1.12.2"
    resolved "https://registry.npmjs.org/object-inspect/-/object-inspect-1.12.2.tgz"
    integrity sha512-z+cPxW0QGUp0mcqcsgQyLVRDoXFQbXOwBaqyF7VIgI4TWNQsDHrBpUQslRmIfAoYWdYzs6UlKJtB2XJpTaNSpQ==
  
  on-finished@2.4.1:
    version "2.4.1"
    resolved "https://registry.npmjs.org/on-finished/-/on-finished-2.4.1.tgz"
    integrity sha512-oVlzkg3ENAhCk2zdv7IJwd/QUD4z2RxRwpkcGY8psCVcCYZNq4wYnVWALHM+brtuJjePWiYF/ClmuDr8Ch5+kg==
    dependencies:
      ee-first "1.1.1"
  
  on-finished@~2.3.0:
    version "2.3.0"
    resolved "https://registry.npmjs.org/on-finished/-/on-finished-2.3.0.tgz"
    integrity sha512-ikqdkGAAyf/X/gPhXGvfgAytDZtDbr+bkNUJ0N9h5MI/dmdgCs3l6hoHrcUv41sRKew3jIwrp4qQDXiK99Utww==
    dependencies:
      ee-first "1.1.1"
  
  on-headers@~1.0.2:
    version "1.0.2"
    resolved "https://registry.npmjs.org/on-headers/-/on-headers-1.0.2.tgz"
    integrity sha512-pZAE+FJLoyITytdqK0U5s+FIpjN0JP3OzFi/u8Rx+EV5/W+JTWGXG8xFzevE7AjBfDqHv/8vL8qQsIhHnqRkrA==
  
  once@^1.4.0:
    version "1.4.0"
    resolved "https://registry.npmjs.org/once/-/once-1.4.0.tgz"
    integrity sha512-lNaJgI+2Q5URQBkccEKHTQOPaXdUxnZZElQTZY0MFUAuaEqe1E+Nyvgdz/aIyNi6Z9MzO5dv1H8n58/GELp3+w==
    dependencies:
      wrappy "1"
  
  parseurl@~1.3.3:
    version "1.3.3"
    resolved "https://registry.npmjs.org/parseurl/-/parseurl-1.3.3.tgz"
    integrity sha512-CiyeOxFT/JZyN5m0z9PfXw4SCBJ6Sygz1Dpl0wqjlhDEGGBP1GnsUVEL0p63hoG1fcj3fHynXi9NYO4nWOL+qQ==
  
  path-to-regexp@0.1.7:
    version "0.1.7"
    resolved "https://registry.npmjs.org/path-to-regexp/-/path-to-regexp-0.1.7.tgz"
    integrity sha512-5DFkuoqlv1uYQKxy8omFBeJPQcdoE07Kv2sferDCrAq1ohOU+MSDswDIbnx3YAM60qIOnYa53wBhXW0EbMonrQ==
  
  proxy-addr@~2.0.7:
    version "2.0.7"
    resolved "https://registry.npmjs.org/proxy-addr/-/proxy-addr-2.0.7.tgz"
    integrity sha512-llQsMLSUDUPT44jdrU/O37qlnifitDP+ZwrmmZcoSKyLKvtZxpyV0n2/bD/N4tBAAZ/gJEdZU7KMraoK1+XYAg==
    dependencies:
      forwarded "0.2.0"
      ipaddr.js "1.9.1"
  
  punycode@^2.1.1:
    version "2.1.1"
    resolved "https://registry.npmjs.org/punycode/-/punycode-2.1.1.tgz"
    integrity sha512-XRsRjdf+j5ml+y/6GKHPZbrF/8p2Yga0JPtdqTIY2Xe5ohJPD9saDJJLPvp9+NSBprVvevdXZybnj2cv8OEd0A==
  
  qs@6.11.0, qs@^6.11.0:
    version "6.11.0"
    resolved "https://registry.npmjs.org/qs/-/qs-6.11.0.tgz"
    integrity sha512-MvjoMCJwEarSbUYk5O+nmoSzSutSsTwF85zcHPQ9OrlFoZOYIjaqBAJIqIXjptyD5vThxGq52Xu/MaJzRkIk4Q==
    dependencies:
      side-channel "^1.0.4"
  
  range-parser@~1.2.1:
    version "1.2.1"
    resolved "https://registry.npmjs.org/range-parser/-/range-parser-1.2.1.tgz"
    integrity sha512-Hrgsx+orqoygnmhFbKaHE6c296J+HTAQXoxEF6gNupROmmGJRoyzfG3ccAveqCBrwr/2yxQ5BVd/GTl5agOwSg==
  
  raw-body@2.5.1:
    version "2.5.1"
    resolved "https://registry.npmjs.org/raw-body/-/raw-body-2.5.1.tgz"
    integrity sha512-qqJBtEyVgS0ZmPGdCFPWJ3FreoqvG4MVQln/kCgF7Olq95IbOp0/BWyMwbdtn4VTvkM8Y7khCQ2Xgk/tcrCXig==
    dependencies:
      bytes "3.1.2"
      http-errors "2.0.0"
      iconv-lite "0.4.24"
      unpipe "1.0.0"
  
  safe-buffer@5.1.2:
    version "5.1.2"
    resolved "https://registry.npmjs.org/safe-buffer/-/safe-buffer-5.1.2.tgz"
    integrity sha512-Gd2UZBJDkXlY7GbJxfsE8/nvKkUEU1G38c1siN6QP6a9PT9MmHB8GnpscSmMJSoF8LOIrt8ud/wPtojys4G6+g==
  
  safe-buffer@5.2.1, safe-buffer@^5.0.1:
    version "5.2.1"
    resolved "https://registry.npmjs.org/safe-buffer/-/safe-buffer-5.2.1.tgz"
    integrity sha512-rp3So07KcdmmKbGvgaNxQSJr7bGVSVk5S9Eq1F+ppbRo70+YeaDxkw5Dd8NPN+GD6bjnYm2VuPuCXmpuYvmCXQ==
  
  "safer-buffer@>= 2.1.2 < 3":
    version "2.1.2"
    resolved "https://registry.npmjs.org/safer-buffer/-/safer-buffer-2.1.2.tgz"
    integrity sha512-YZo3K82SD7Riyi0E1EQPojLz7kpepnSQI9IyPbHHg1XXXevb5dJI7tpyN2ADxGcQbHG7vcyRHk0cbwqcQriUtg==
  
  saslprep@^1.0.3:
    version "1.0.3"
    resolved "https://registry.npmjs.org/saslprep/-/saslprep-1.0.3.tgz"
    integrity sha512-/MY/PEMbk2SuY5sScONwhUDsV2p77Znkb/q3nSVstq/yQzYJOH/Azh29p9oJLsl3LnQwSvZDKagDGBsBwSooag==
    dependencies:
      sparse-bitfield "^3.0.3"
  
  semver@^5.6.0:
    version "5.7.1"
    resolved "https://registry.yarnpkg.com/semver/-/semver-5.7.1.tgz#a954f931aeba508d307bbf069eff0c01c96116f7"
    integrity sha512-sauaDf/PZdVgrLTNYHRtpXa1iRiKcaebiKQ1BJdpQlWH2lCvexQdX55snPFyK7QzpudqbCI0qXFfOasHdyNDGQ==
  
  semver@^7.3.8:
    version "7.3.8"
    resolved "https://registry.npmjs.org/semver/-/semver-7.3.8.tgz"
    integrity sha512-NB1ctGL5rlHrPJtFDVIVzTyQylMLu9N9VICA6HSFJo8MCGVTMW6gfpicwKmmK/dAjTOrqu5l63JJOpDSrAis3A==
    dependencies:
      lru-cache "^6.0.0"
  
  send@0.18.0:
    version "0.18.0"
    resolved "https://registry.npmjs.org/send/-/send-0.18.0.tgz"
    integrity sha512-qqWzuOjSFOuqPjFe4NOsMLafToQQwBSOEpS+FwEt3A2V3vKubTquT3vmLTQpFgMXp8AlFWFuP1qKaJZOtPpVXg==
    dependencies:
      debug "2.6.9"
      depd "2.0.0"
      destroy "1.2.0"
      encodeurl "~1.0.2"
      escape-html "~1.0.3"
      etag "~1.8.1"
      fresh "0.5.2"
      http-errors "2.0.0"
      mime "1.6.0"
      ms "2.1.3"
      on-finished "2.4.1"
      range-parser "~1.2.1"
      statuses "2.0.1"
  
  serve-static@1.15.0:
    version "1.15.0"
    resolved "https://registry.npmjs.org/serve-static/-/serve-static-1.15.0.tgz"
    integrity sha512-XGuRDNjXUijsUL0vl6nSD7cwURuzEgglbOaFuZM9g3kwDXOWVTck0jLzjPzGD+TazWbboZYu52/9/XPdUgne9g==
    dependencies:
      encodeurl "~1.0.2"
      escape-html "~1.0.3"
      parseurl "~1.3.3"
      send "0.18.0"
  
  setprototypeof@1.2.0:
    version "1.2.0"
    resolved "https://registry.npmjs.org/setprototypeof/-/setprototypeof-1.2.0.tgz"
    integrity sha512-E5LDX7Wrp85Kil5bhZv46j8jOeboKq5JMmYM3gVGdGH8xFpPWXUMsNrlODCrkoxMEeNi/XZIwuRvY4XNwYMJpw==
  
  side-channel@^1.0.4:
    version "1.0.4"
    resolved "https://registry.npmjs.org/side-channel/-/side-channel-1.0.4.tgz"
    integrity sha512-q5XPytqFEIKHkGdiMIrY10mvLRvnQh42/+GoBlFW3b2LXLE2xxJpZFdm94we0BaoV3RwJyGqg5wS7epxTv0Zvw==
    dependencies:
      call-bind "^1.0.0"
      get-intrinsic "^1.0.2"
      object-inspect "^1.9.0"
  
  sift@16.0.1:
    version "16.0.1"
    resolved "https://registry.npmjs.org/sift/-/sift-16.0.1.tgz"
    integrity sha512-Wv6BjQ5zbhW7VFefWusVP33T/EM0vYikCaQ2qR8yULbsilAT8/wQaXvuQ3ptGLpoKx+lihJE3y2UTgKDyyNHZQ==
  
  slugify@^1.6.5:
    version "1.6.5"
    resolved "https://registry.npmjs.org/slugify/-/slugify-1.6.5.tgz"
    integrity sha512-8mo9bslnBO3tr5PEVFzMPIWwWnipGS0xVbYf65zxDqfNwmzYn1LpiKNrR6DlClusuvo+hDHd1zKpmfAe83NQSQ==
  
  smart-buffer@^4.2.0:
    version "4.2.0"
    resolved "https://registry.npmjs.org/smart-buffer/-/smart-buffer-4.2.0.tgz"
    integrity sha512-94hK0Hh8rPqQl2xXc3HsaBoOXKV20MToPkcXvwbISWLEs+64sBq5kFgn2kJDHb1Pry9yrP0dxrCI9RRci7RXKg==
  
  socks@^2.7.1:
    version "2.7.1"
    resolved "https://registry.npmjs.org/socks/-/socks-2.7.1.tgz"
    integrity sha512-7maUZy1N7uo6+WVEX6psASxtNlKaNVMlGQKkG/63nEDdLOWNbiUMoLK7X4uYoLhQstau72mLgfEWcXcwsaHbYQ==
    dependencies:
      ip "^2.0.0"
      smart-buffer "^4.2.0"
  
  sparse-bitfield@^3.0.3:
    version "3.0.3"
    resolved "https://registry.npmjs.org/sparse-bitfield/-/sparse-bitfield-3.0.3.tgz"
    integrity sha512-kvzhi7vqKTfkh0PZU+2D2PIllw2ymqJKujUcyPMd9Y75Nv4nPbGJZXNhxsgdQab2BmlDct1YnfQCguEvHr7VsQ==
    dependencies:
      memory-pager "^1.0.2"
  
  statuses@2.0.1:
    version "2.0.1"
    resolved "https://registry.npmjs.org/statuses/-/statuses-2.0.1.tgz"
    integrity sha512-RwNA9Z/7PrK06rYLIzFMlaF+l73iwpzsqRIFgbMLbTcLD6cOao82TaWefPXQvB2fOC4AjuYSEndS7N/mTCbkdQ==
  
  streamsearch@^1.1.0:
    version "1.1.0"
    resolved "https://registry.yarnpkg.com/streamsearch/-/streamsearch-1.1.0.tgz#404dd1e2247ca94af554e841a8ef0eaa238da764"
    integrity sha512-Mcc5wHehp9aXz1ax6bZUyY5afg9u2rv5cqQI3mRrYkGC8rW2hM02jWuwjtL++LS5qinSyhj2QfLyNsuc+VsExg==
  
  strnum@^1.0.5:
    version "1.0.5"
    resolved "https://registry.npmjs.org/strnum/-/strnum-1.0.5.tgz"
    integrity sha512-J8bbNyKKXl5qYcR36TIO8W3mVGVHrmmxsd5PAItGkmyzwJvybiw2IVq5nqd0i4LSNSkB/sx9VHllbfFdr9k1JA==
  
  superagent@*:
    version "8.0.5"
    resolved "https://registry.npmjs.org/superagent/-/superagent-8.0.5.tgz"
    integrity sha512-lQVE0Praz7nHiSaJLKBM/cZyi7J0E4io8tWnGSBdBrqAzhzrjQ/F5iGP9Zr29CJC8N5zYdhG2kKaNcB6dKxp7g==
    dependencies:
      component-emitter "^1.3.0"
      cookiejar "^2.1.3"
      debug "^4.3.4"
      fast-safe-stringify "^2.1.1"
      form-data "^4.0.0"
      formidable "^2.0.1"
      methods "^1.1.2"
      mime "2.6.0"
      qs "^6.11.0"
      semver "^7.3.8"
  
  toidentifier@1.0.1:
    version "1.0.1"
    resolved "https://registry.npmjs.org/toidentifier/-/toidentifier-1.0.1.tgz"
    integrity sha512-o5sSPKEkg/DIQNmH43V0/uerLrpzVedkUh8tGNvaeXpfpuwjKenlSox/2O/BTlZUtEe+JG7s5YhEz608PlAHRA==
  
  tr46@^3.0.0:
    version "3.0.0"
    resolved "https://registry.npmjs.org/tr46/-/tr46-3.0.0.tgz"
    integrity sha512-l7FvfAHlcmulp8kr+flpQZmVwtu7nfRV7NZujtN0OqES8EL4O4e0qqzL0DC5gAvx/ZC/9lk6rhcUwYvkBnBnYA==
    dependencies:
      punycode "^2.1.1"
  
  tr46@~0.0.3:
    version "0.0.3"
    resolved "https://registry.npmjs.org/tr46/-/tr46-0.0.3.tgz"
    integrity sha512-N3WMsuqV66lT30CrXNbEjx4GEwlow3v6rr4mCcv6prnfwhS01rkgyFdjPNBYd9br7LpXV1+Emh01fHnq2Gdgrw==
  
  tslib@^1.11.1:
    version "1.14.1"
    resolved "https://registry.npmjs.org/tslib/-/tslib-1.14.1.tgz"
    integrity sha512-Xni35NKzjgMrwevysHTCArtLDpPvye8zV/0E4EyYn43P7/7qvQwPh9BGkHewbMulVntbigmcT7rdX3BNo9wRJg==
  
  tslib@^2.3.1:
    version "2.4.1"
    resolved "https://registry.npmjs.org/tslib/-/tslib-2.4.1.tgz"
    integrity sha512-tGyy4dAjRIEwI7BzsB0lynWgOpfqjUdq91XXAlIWD2OwKBH7oCl/GZG/HT4BOHrTlPMOASlMQ7veyTqpmRcrNA==
  
  type-is@~1.6.18:
    version "1.6.18"
    resolved "https://registry.npmjs.org/type-is/-/type-is-1.6.18.tgz"
    integrity sha512-TkRKr9sUTxEH8MdfuCSP7VizJyzRNMjj2J2do2Jr3Kym598JVdEksuzPQCnlFPW4ky9Q+iA+ma9BGm06XQBy8g==
    dependencies:
      media-typer "0.3.0"
      mime-types "~2.1.24"
  
  unpipe@1.0.0, unpipe@~1.0.0:
    version "1.0.0"
    resolved "https://registry.npmjs.org/unpipe/-/unpipe-1.0.0.tgz"
    integrity sha512-pjy2bYhSsufwWlKwPc+l3cN7+wuJlK6uz0YdJEOlQDbl6jo/YlPi4mb8agUkVC8BF7V8NuzeyPNqRksA3hztKQ==
  
  utils-merge@1.0.1:
    version "1.0.1"
    resolved "https://registry.npmjs.org/utils-merge/-/utils-merge-1.0.1.tgz"
    integrity sha512-pMZTvIkT1d+TFGvDOqodOclx0QWkkgi6Tdoa8gC8ffGAAqz9pzPTZWAybbsHHoED/ztMtkv/VoYTYyShUn81hA==
  
  uuid@^8.3.2:
    version "8.3.2"
    resolved "https://registry.npmjs.org/uuid/-/uuid-8.3.2.tgz"
    integrity sha512-+NYs2QeMWy+GWFOEm9xnn6HCDp0l7QBD7ml8zLUmJ+93Q5NF0NocErnwkTkXVFNiX3/fpC6afS8Dhb/gz7R7eg==
  
  vary@~1.1.2:
    version "1.1.2"
    resolved "https://registry.npmjs.org/vary/-/vary-1.1.2.tgz"
    integrity sha512-BNGbWLfd0eUPabhkXUVm0j8uuvREyTh5ovRa/dyow/BqAbZJyC+5fU+IzQOzmAKzYqYRAISoRhdQr3eIZ/PXqg==
  
  webidl-conversions@^3.0.0:
    version "3.0.1"
    resolved "https://registry.npmjs.org/webidl-conversions/-/webidl-conversions-3.0.1.tgz"
    integrity sha512-2JAn3z8AR6rjK8Sm8orRC0h/bcl/DqL7tRPdGZ4I1CjdF+EaMLmYxBHyXuKL849eucPFhvBoxMsflfOb8kxaeQ==
  
  webidl-conversions@^7.0.0:
    version "7.0.0"
    resolved "https://registry.npmjs.org/webidl-conversions/-/webidl-conversions-7.0.0.tgz"
    integrity sha512-VwddBukDzu71offAQR975unBIGqfKZpM+8ZX6ySk8nYhVoo5CYaZyzt3YBvYtRtO+aoGlqxPg/B87NGVZ/fu6g==
  
  whatwg-url@^11.0.0:
    version "11.0.0"
    resolved "https://registry.npmjs.org/whatwg-url/-/whatwg-url-11.0.0.tgz"
    integrity sha512-RKT8HExMpoYx4igMiVMY83lN6UeITKJlBQ+vR/8ZJ8OCdSiN3RwCq+9gH0+Xzj0+5IrM6i4j/6LuvzbZIQgEcQ==
    dependencies:
      tr46 "^3.0.0"
      webidl-conversions "^7.0.0"
  
  whatwg-url@^5.0.0:
    version "5.0.0"
    resolved "https://registry.npmjs.org/whatwg-url/-/whatwg-url-5.0.0.tgz"
    integrity sha512-saE57nupxk6v3HY35+jzBwYa0rKSy0XR8JSxZPwgLr7ys0IBzhGviA1/TUGJLmSVqs8pb9AnvICXEuOHLprYTw==
    dependencies:
      tr46 "~0.0.3"
      webidl-conversions "^3.0.0"
  
  wrappy@1:
    version "1.0.2"
    resolved "https://registry.npmjs.org/wrappy/-/wrappy-1.0.2.tgz"
    integrity sha512-l4Sp/DRseor9wL6EvV2+TuQn63dMkPjZ/sp9XkghTEbV9KlPS1xUsZ3u7/IQO4wxtcFB4bgpQPRcR3QCvezPcQ==
  
  yallist@^4.0.0:
    version "4.0.0"
    resolved "https://registry.npmjs.org/yallist/-/yallist-4.0.0.tgz"
    integrity sha512-3wdGidZyq5PB084XLES5TpOSRA3wjXAlIWMhum2kRcv/41Sn2emQ0dycQW4uZXLejwKvg6EsvbdlVL+FYEct7A==
